<?xml version="1.0" encoding="utf-8"?><testsuites name="pytest tests"><testsuite name="pytest" errors="0" failures="0" skipped="0" tests="11" time="1.468" timestamp="2026-04-14T09:54:58.167076+00:00" hostname="agent-env-18f23683-0cfb-4370-994d-fcbdb59cbbfa"><testcase classname="backend.tests.test_availability_calendar.TestVehicleAvailabilityAPI" name="test_availability_endpoint_returns_200" time="0.272" /><testcase classname="backend.tests.test_availability_calendar.TestVehicleAvailabilityAPI" name="test_availability_response_structure" time="0.102" /><testcase classname="backend.tests.test_availability_calendar.TestVehicleAvailabilityAPI" name="test_booked_dates_format" time="0.134" /><testcase classname="backend.tests.test_availability_calendar.TestVehicleAvailabilityAPI" name="test_reservations_structure" time="0.105" /><testcase classname="backend.tests.test_availability_calendar.TestVehicleAvailabilityAPI" name="test_april_2026_has_reservations" time="0.139" /><testcase classname="backend.tests.test_availability_calendar.TestVehicleAvailabilityAPI" name="test_reservation_status_values" time="0.107" /><testcase classname="backend.tests.test_availability_calendar.TestVehicleAvailabilityAPI" name="test_availability_with_default_month" time="0.100" /><testcase classname="backend.tests.test_availability_calendar.TestVehicleAvailabilityAPI" name="test_availability_invalid_vehicle_id" time="0.105" /><testcase classname="backend.tests.test_availability_calendar.TestVehicleAvailabilityAPI" name="test_availability_future_month" time="0.126" /><testcase classname="backend.tests.test_availability_calendar.TestVehicleDetailAPI" name="test_vehicle_detail_returns_200" time="0.111" /><testcase classname="backend.tests.test_availability_calendar.TestVehicleDetailAPI" name="test_vehicle_detail_structure" time="0.102" /></testsuite></testsuites>