<?xml version="1.0" encoding="utf-8"?><testsuites name="pytest tests"><testsuite name="pytest" errors="0" failures="0" skipped="0" tests="9" time="1.166" timestamp="2026-07-07T09:11:47.977966+00:00" hostname="agent-env-18f23683-0cfb-4370-994d-fcbdb59cbbfa"><testcase classname="tests.test_i18n_emails_profile.TestEmailGeneration" name="test_confirmation_email_fr" time="0.107" /><testcase classname="tests.test_i18n_emails_profile.TestEmailGeneration" name="test_confirmation_email_en" time="0.000" /><testcase classname="tests.test_i18n_emails_profile.TestEmailGeneration" name="test_confirmation_email_de" time="0.000" /><testcase classname="tests.test_i18n_emails_profile.TestEmailGeneration" name="test_price_offer_email_all_langs" time="0.000" /><testcase classname="tests.test_i18n_emails_profile.TestEmailGeneration" name="test_status_change_email_all_langs" time="0.000" /><testcase classname="tests.test_i18n_emails_profile.TestEmailGeneration" name="test_status_change_subject_all_langs" time="0.000" /><testcase classname="tests.test_i18n_emails_profile.TestPreferredLanguageAPI" name="test_put_and_get_preferred_language" time="0.737" /><testcase classname="tests.test_i18n_emails_profile.TestPreferredLanguageAPI" name="test_set_english" time="0.122" /><testcase classname="tests.test_i18n_emails_profile.TestPreferredLanguageAPI" name="test_restore_french" time="0.142" /></testsuite></testsuites>