<?xml version="1.0" encoding="utf-8"?><testsuites name="pytest tests"><testsuite name="pytest" errors="0" failures="0" skipped="0" tests="11" time="6.220" timestamp="2026-04-08T07:15:19.835844+00:00" hostname="agent-env-18f23683-0cfb-4370-994d-fcbdb59cbbfa"><testcase classname="backend.tests.test_iteration74_reschedule.TestRescheduleEndpoint" name="test_reschedule_confirmed_reservation_success" time="0.616" /><testcase classname="backend.tests.test_iteration74_reschedule.TestRescheduleEndpoint" name="test_reschedule_pending_reservation_success" time="0.570" /><testcase classname="backend.tests.test_iteration74_reschedule.TestRescheduleEndpoint" name="test_reschedule_pending_cash_reservation_success" time="0.522" /><testcase classname="backend.tests.test_iteration74_reschedule.TestRescheduleEndpoint" name="test_reschedule_completed_reservation_fails" time="0.515" /><testcase classname="backend.tests.test_iteration74_reschedule.TestRescheduleEndpoint" name="test_reschedule_cancelled_reservation_fails" time="0.570" /><testcase classname="backend.tests.test_iteration74_reschedule.TestRescheduleEndpoint" name="test_reschedule_active_reservation_fails" time="0.532" /><testcase classname="backend.tests.test_iteration74_reschedule.TestRescheduleEndpoint" name="test_reschedule_conflict_returns_409" time="0.519" /><testcase classname="backend.tests.test_iteration74_reschedule.TestRescheduleEndpoint" name="test_reschedule_recalculates_price" time="0.642" /><testcase classname="backend.tests.test_iteration74_reschedule.TestRescheduleEndpoint" name="test_reschedule_invalid_dates_fails" time="0.552" /><testcase classname="backend.tests.test_iteration74_reschedule.TestRescheduleEndpoint" name="test_reschedule_nonexistent_reservation_fails" time="0.563" /><testcase classname="backend.tests.test_iteration74_reschedule.TestRescheduleEndpoint" name="test_reschedule_requires_auth" time="0.552" /></testsuite></testsuites>