<?xml version="1.0" encoding="utf-8"?><testsuites name="pytest tests"><testsuite name="pytest" errors="0" failures="0" skipped="1" tests="15" time="4.798" timestamp="2026-02-25T12:10:27.917912+00:00" hostname="agent-env-05419371-4643-4f2e-b192-1d4c80c249b2"><testcase classname="backend.tests.test_iteration6_multiagency.TestAdminLogin" name="test_admin_login_super_admin_success" time="0.483" /><testcase classname="backend.tests.test_iteration6_multiagency.TestAdminLogin" name="test_admin_login_agency_admin_success" time="0.284" /><testcase classname="backend.tests.test_iteration6_multiagency.TestAdminLogin" name="test_admin_login_client_forbidden" time="0.268" /><testcase classname="backend.tests.test_iteration6_multiagency.TestAdminLogin" name="test_admin_login_invalid_credentials" time="0.048" /><testcase classname="backend.tests.test_iteration6_multiagency.TestRegisterAdmin" name="test_register_admin_creates_agency" time="0.279" /><testcase classname="backend.tests.test_iteration6_multiagency.TestRegisterAdmin" name="test_register_admin_duplicate_email_fails" time="0.046" /><testcase classname="backend.tests.test_iteration6_multiagency.TestAgencyEndpoints" name="test_get_agencies_super_admin_sees_all" time="0.339" /><testcase classname="backend.tests.test_iteration6_multiagency.TestAgencyEndpoints" name="test_get_agencies_agency_admin_sees_own" time="0.317" /><testcase classname="backend.tests.test_iteration6_multiagency.TestAgencyEndpoints" name="test_create_agency_super_admin_only" time="0.160" /><testcase classname="backend.tests.test_iteration6_multiagency.TestAdminStats" name="test_admin_stats_super_admin" time="0.330" /><testcase classname="backend.tests.test_iteration6_multiagency.TestAdminStats" name="test_admin_stats_agency_admin_scoped" time="0.321" /><testcase classname="backend.tests.test_iteration6_multiagency.TestAdminReservations" name="test_admin_reservations_list" time="0.358" /><testcase classname="backend.tests.test_iteration6_multiagency.TestAdminUsers" name="test_admin_users_list" time="0.371" /><testcase classname="backend.tests.test_iteration6_multiagency.TestVehicleAgencyFilter" name="test_vehicles_filter_by_agency" time="0.508" /><testcase classname="backend.tests.test_iteration6_multiagency.TestCashBookingWithoutDocumentBlock" name="test_cash_booking_creates_reservation" time="0.602"><skipped type="pytest.skip" message="Vehicle not available for selected dates">/app/backend/tests/test_iteration6_multiagency.py:394: Vehicle not available for selected dates</skipped></testcase></testsuite></testsuites>