<?xml version="1.0" encoding="utf-8"?><testsuites name="pytest tests"><testsuite name="pytest" errors="0" failures="0" skipped="0" tests="14" time="8.052" timestamp="2026-02-25T14:03:56.208130+00:00" hostname="agent-env-05419371-4643-4f2e-b192-1d4c80c249b2"><testcase classname="tests.test_agency_admin_creation.TestAdminLogin" name="test_super_admin_login" time="0.535" /><testcase classname="tests.test_agency_admin_creation.TestAdminLogin" name="test_agency_admin_login" time="0.357" /><testcase classname="tests.test_agency_admin_creation.TestAdminLogin" name="test_admin_login_rejects_clients" time="0.688" /><testcase classname="tests.test_agency_admin_creation.TestAdminLogin" name="test_admin_login_invalid_credentials" time="0.166" /><testcase classname="tests.test_agency_admin_creation.TestAgencyCreationWithAdmin" name="test_create_agency_with_admin_fields" time="0.689" /><testcase classname="tests.test_agency_admin_creation.TestAgencyCreationWithAdmin" name="test_newly_created_admin_can_login" time="1.133" /><testcase classname="tests.test_agency_admin_creation.TestAgencyCreationWithAdmin" name="test_duplicate_email_rejected" time="0.503" /><testcase classname="tests.test_agency_admin_creation.TestAgencyCreationWithAdmin" name="test_missing_admin_fields_rejected" time="0.482" /><testcase classname="tests.test_agency_admin_creation.TestAgencyScopedData" name="test_super_admin_sees_all_agencies" time="0.456" /><testcase classname="tests.test_agency_admin_creation.TestAgencyScopedData" name="test_agency_admin_sees_own_agency_only" time="0.533" /><testcase classname="tests.test_agency_admin_creation.TestAgencyScopedData" name="test_admin_stats_scoped_by_agency" time="1.011" /><testcase classname="tests.test_agency_admin_creation.TestAgencyScopedData" name="test_admin_reservations_scoped" time="0.462" /><testcase classname="tests.test_agency_admin_creation.TestAgencyScopedData" name="test_admin_users_scoped" time="0.628" /><testcase classname="tests.test_agency_admin_creation.TestZurichAgencyAdmin" name="test_zurich_admin_login" time="0.340" /></testsuite></testsuites>