<?xml version="1.0" encoding="utf-8"?><testsuites name="pytest tests"><testsuite name="pytest" errors="0" failures="0" skipped="2" tests="14" time="2.255" timestamp="2026-03-03T12:57:31.482612+00:00" hostname="agent-env-1241a618-0f00-41f2-b838-a9278e594a2e"><testcase classname="tests.test_notifications.TestNotificationAPIs" name="test_get_notifications_returns_list" time="0.427" /><testcase classname="tests.test_notifications.TestNotificationAPIs" name="test_get_unread_count_returns_number" time="0.054" /><testcase classname="tests.test_notifications.TestNotificationAPIs" name="test_mark_notification_as_read" time="0.107" /><testcase classname="tests.test_notifications.TestNotificationAPIs" name="test_mark_all_notifications_as_read" time="0.168" /><testcase classname="tests.test_notifications.TestNotificationAPIs" name="test_register_push_token" time="0.053" /><testcase classname="tests.test_notifications.TestNotificationAPIs" name="test_register_push_token_update_existing" time="0.109" /><testcase classname="tests.test_notifications.TestNotificationAPIs" name="test_delete_notification" time="0.145" /><testcase classname="tests.test_notifications.TestNotificationTriggers" name="test_reservation_creation_triggers_client_notification" time="0.270"><skipped type="pytest.skip" message="Vehicle not available for selected dates">/app/backend/tests/test_notifications.py:270: Vehicle not available for selected dates</skipped></testcase><testcase classname="tests.test_notifications.TestNotificationTriggers" name="test_admin_receives_new_reservation_notification" time="0.383" /><testcase classname="tests.test_notifications.TestNotificationTriggers" name="test_client_cancellation_triggers_admin_notification" time="0.251"><skipped type="pytest.skip" message="Vehicle not available for selected dates">/app/backend/tests/test_notifications.py:363: Vehicle not available for selected dates</skipped></testcase><testcase classname="tests.test_notifications.TestNotificationAuthentication" name="test_get_notifications_requires_auth" time="0.048" /><testcase classname="tests.test_notifications.TestNotificationAuthentication" name="test_unread_count_requires_auth" time="0.044" /><testcase classname="tests.test_notifications.TestNotificationAuthentication" name="test_mark_read_requires_auth" time="0.054" /><testcase classname="tests.test_notifications.TestNotificationAuthentication" name="test_delete_requires_auth" time="0.070" /></testsuite></testsuites>