<?xml version="1.0" encoding="utf-8"?><testsuites name="pytest tests"><testsuite name="pytest" errors="0" failures="0" skipped="0" tests="14" time="6.727" timestamp="2026-03-26T11:48:27.192027+00:00" hostname="agent-env-18f23683-0cfb-4370-994d-fcbdb59cbbfa"><testcase classname="backend.tests.test_iteration63_reservation_autoconfirm.TestLoginFlows" name="test_agency_admin_login" time="0.566" /><testcase classname="backend.tests.test_iteration63_reservation_autoconfirm.TestLoginFlows" name="test_super_admin_login" time="0.390" /><testcase classname="backend.tests.test_iteration63_reservation_autoconfirm.TestLoginFlows" name="test_client_login" time="0.357" /><testcase classname="backend.tests.test_iteration63_reservation_autoconfirm.TestReservationAutoConfirmation" name="test_reservation_card_payment_returns_confirmed" time="1.559" /><testcase classname="backend.tests.test_iteration63_reservation_autoconfirm.TestReservationAutoConfirmation" name="test_reservation_cash_payment_returns_confirmed" time="1.448" /><testcase classname="backend.tests.test_iteration63_reservation_autoconfirm.TestEmailTemplates" name="test_reservation_confirmation_email_template" time="0.109" /><testcase classname="backend.tests.test_iteration63_reservation_autoconfirm.TestEmailTemplates" name="test_reservation_confirmation_email_cash_note" time="0.000" /><testcase classname="backend.tests.test_iteration63_reservation_autoconfirm.TestEmailTemplates" name="test_payment_confirmation_email_template" time="0.000" /><testcase classname="backend.tests.test_iteration63_reservation_autoconfirm.TestEmailTemplates" name="test_reminder_24h_email_template" time="0.000" /><testcase classname="backend.tests.test_iteration63_reservation_autoconfirm.TestAdminDashboard" name="test_admin_reservations_endpoint" time="0.439" /><testcase classname="backend.tests.test_iteration63_reservation_autoconfirm.TestAdminDashboard" name="test_admin_today_reservations" time="0.462" /><testcase classname="backend.tests.test_iteration63_reservation_autoconfirm.TestAdminDashboard" name="test_admin_stats_endpoint" time="0.434" /><testcase classname="backend.tests.test_iteration63_reservation_autoconfirm.TestAdminDashboard" name="test_admin_calendar_endpoint" time="0.436" /><testcase classname="backend.tests.test_iteration63_reservation_autoconfirm.TestOverlapCheckLogic" name="test_vehicle_schedule_endpoint" time="0.430" /></testsuite></testsuites>