<?xml version="1.0" encoding="utf-8"?><testsuites name="pytest tests"><testsuite name="pytest" errors="0" failures="0" skipped="0" tests="7" time="3.988" timestamp="2026-02-25T11:42:05.008341+00:00" hostname="agent-env-05419371-4643-4f2e-b192-1d4c80c249b2"><testcase classname="backend.tests.test_cash_payment_booking.TestCashPaymentBooking" name="test_create_cash_reservation_success" time="1.121" /><testcase classname="backend.tests.test_cash_payment_booking.TestCashPaymentBooking" name="test_create_card_reservation_still_works" time="0.382" /><testcase classname="backend.tests.test_cash_payment_booking.TestCashPaymentBooking" name="test_unavailable_dates_returns_error" time="0.592" /><testcase classname="backend.tests.test_cash_payment_booking.TestBookingPageRequirements" name="test_vehicle_details_endpoint" time="0.528" /><testcase classname="backend.tests.test_cash_payment_booking.TestBookingPageRequirements" name="test_user_profile_shows_no_documents" time="0.099" /><testcase classname="backend.tests.test_cash_payment_booking.TestReservationsListEndpoint" name="test_get_user_reservations" time="0.055" /><testcase classname="backend.tests.test_cash_payment_booking.TestStripeCheckoutFlow" name="test_checkout_initiation" time="1.145" /></testsuite></testsuites>