<?xml version="1.0" encoding="utf-8"?><testsuites name="pytest tests"><testsuite name="pytest" errors="0" failures="0" skipped="0" tests="19" time="8.956" timestamp="2026-03-02T14:53:25.955610+00:00" hostname="agent-env-8d33674f-6843-4cab-98e2-1bb2d739f73a"><testcase classname="backend.tests.test_vehicle_documents.TestAdminLogin" name="test_agency_admin_login" time="0.465" /><testcase classname="backend.tests.test_vehicle_documents.TestAdminLogin" name="test_super_admin_login" time="0.515" /><testcase classname="backend.tests.test_vehicle_documents.TestVehicleNewFields" name="test_update_vehicle_with_plate_number" time="0.908" /><testcase classname="backend.tests.test_vehicle_documents.TestVehicleNewFields" name="test_update_vehicle_with_chassis_number" time="0.245" /><testcase classname="backend.tests.test_vehicle_documents.TestVehicleNewFields" name="test_update_vehicle_with_color" time="0.282" /><testcase classname="backend.tests.test_vehicle_documents.TestVehicleNewFields" name="test_update_vehicle_with_all_new_fields" time="0.233" /><testcase classname="backend.tests.test_vehicle_documents.TestVehicleDocumentUpload" name="test_upload_carte_grise_document" time="0.968" /><testcase classname="backend.tests.test_vehicle_documents.TestVehicleDocumentUpload" name="test_upload_assurance_document" time="0.310" /><testcase classname="backend.tests.test_vehicle_documents.TestVehicleDocumentUpload" name="test_upload_controle_technique_document" time="0.320" /><testcase classname="backend.tests.test_vehicle_documents.TestVehicleDocumentUpload" name="test_upload_photo_document" time="0.329" /><testcase classname="backend.tests.test_vehicle_documents.TestVehicleDocumentUpload" name="test_upload_autre_document" time="0.240" /><testcase classname="backend.tests.test_vehicle_documents.TestVehicleDocumentUpload" name="test_upload_without_auth_returns_401" time="0.111" /><testcase classname="backend.tests.test_vehicle_documents.TestVehicleDocumentUpload" name="test_upload_to_nonexistent_vehicle_returns_404" time="0.109" /><testcase classname="backend.tests.test_vehicle_documents.TestVehicleDocumentDownload" name="test_download_document_returns_file" time="1.187" /><testcase classname="backend.tests.test_vehicle_documents.TestVehicleDocumentDownload" name="test_download_nonexistent_document_returns_404" time="0.100" /><testcase classname="backend.tests.test_vehicle_documents.TestVehicleDocumentDelete" name="test_delete_document_soft_deletes" time="1.222" /><testcase classname="backend.tests.test_vehicle_documents.TestVehicleDocumentDelete" name="test_delete_nonexistent_document_returns_404" time="0.324" /><testcase classname="backend.tests.test_vehicle_documents.TestVehiclesListWithNewFields" name="test_vehicles_list_includes_new_fields" time="0.597" /><testcase classname="backend.tests.test_vehicle_documents.TestVehiclesListWithNewFields" name="test_single_vehicle_includes_new_fields" time="0.394" /></testsuite></testsuites>