<?xml version="1.0" encoding="utf-8"?><testsuites name="pytest tests"><testsuite name="pytest" errors="0" failures="0" skipped="0" tests="10" time="8.568" timestamp="2026-04-17T07:13:49.741992+00:00" hostname="agent-env-18f23683-0cfb-4370-994d-fcbdb59cbbfa"><testcase classname="backend.tests.test_iteration78_client_creation_status_labels.TestAdminLogin" name="test_admin_login_success" time="0.490" /><testcase classname="backend.tests.test_iteration78_client_creation_status_labels.TestAdminLogin" name="test_admin_login_invalid_credentials" time="0.336" /><testcase classname="backend.tests.test_iteration78_client_creation_status_labels.TestQuickClientCreation" name="test_create_client_with_custom_password" time="1.602" /><testcase classname="backend.tests.test_iteration78_client_creation_status_labels.TestQuickClientCreation" name="test_create_client_auto_generated_password" time="1.529" /><testcase classname="backend.tests.test_iteration78_client_creation_status_labels.TestQuickClientCreation" name="test_create_client_empty_password_auto_generates" time="1.115" /><testcase classname="backend.tests.test_iteration78_client_creation_status_labels.TestQuickClientCreation" name="test_duplicate_email_returns_existing_client" time="1.212" /><testcase classname="backend.tests.test_iteration78_client_creation_status_labels.TestQuickClientCreation" name="test_create_client_with_identity_fields" time="1.119" /><testcase classname="backend.tests.test_iteration78_client_creation_status_labels.TestClientLogin" name="test_existing_client_login" time="0.323" /><testcase classname="backend.tests.test_iteration78_client_creation_status_labels.TestClientLogin" name="test_client_login_invalid_password" time="0.333" /><testcase classname="backend.tests.test_iteration78_client_creation_status_labels.TestStatusLabelsAPI" name="test_reservations_have_valid_status" time="0.441" /></testsuite></testsuites>