<?xml version="1.0" encoding="utf-8"?><testsuites name="pytest tests"><testsuite name="pytest" errors="0" failures="0" skipped="0" tests="11" time="2.246" timestamp="2026-03-20T10:51:22.651396+00:00" hostname="agent-env-ee4b6621-67ba-4d7a-a75a-032ee88e5f49"><testcase classname="tests.test_iteration54_vehicles.TestVehiclesAPI" name="test_get_all_vehicles" time="0.168" /><testcase classname="tests.test_iteration54_vehicles.TestVehiclesAPI" name="test_vehicle_has_correct_data_types" time="0.129" /><testcase classname="tests.test_iteration54_vehicles.TestVehiclesAPI" name="test_filter_by_type_suv" time="0.145" /><testcase classname="tests.test_iteration54_vehicles.TestVehiclesAPI" name="test_filter_by_type_berline" time="0.181" /><testcase classname="tests.test_iteration54_vehicles.TestVehiclesAPI" name="test_filter_by_type_citadine" time="0.128" /><testcase classname="tests.test_iteration54_vehicles.TestVehiclesAPI" name="test_filter_by_type_utilitaire" time="0.131" /><testcase classname="tests.test_iteration54_vehicles.TestVehiclesAPI" name="test_get_single_vehicle" time="0.246" /><testcase classname="tests.test_iteration54_vehicles.TestAuthAPI" name="test_login_client" time="0.350" /><testcase classname="tests.test_iteration54_vehicles.TestAuthAPI" name="test_login_invalid_credentials" time="0.121" /><testcase classname="tests.test_iteration54_vehicles.TestReservationsAPI" name="test_get_user_reservations" time="0.462" /><testcase classname="tests.test_iteration54_vehicles.TestReservationsAPI" name="test_reservations_require_auth" time="0.122" /></testsuite></testsuites>