<?xml version="1.0" encoding="utf-8"?><testsuites name="pytest tests"><testsuite name="pytest" errors="0" failures="0" skipped="0" tests="16" time="4.252" timestamp="2026-02-27T08:43:36.031241+00:00" hostname="agent-env-b41116f5-08c7-4eb3-887f-c22ec073820d"><testcase classname="backend.tests.test_agency_app_iter18.TestAdminLogin" name="test_agency_admin_login_returns_admin_role" time="0.439" /><testcase classname="backend.tests.test_agency_app_iter18.TestAdminLogin" name="test_super_admin_login_returns_super_admin_role" time="0.427" /><testcase classname="backend.tests.test_agency_app_iter18.TestAdminLogin" name="test_invalid_credentials_rejected" time="0.109" /><testcase classname="backend.tests.test_agency_app_iter18.TestQuickClient" name="test_create_client_name_only" time="0.651" /><testcase classname="backend.tests.test_agency_app_iter18.TestQuickClient" name="test_create_client_with_phone_and_email" time="0.343" /><testcase classname="backend.tests.test_agency_app_iter18.TestQuickClient" name="test_create_client_returns_existing_if_email_matches" time="0.474" /><testcase classname="backend.tests.test_agency_app_iter18.TestQuickClient" name="test_quick_client_requires_auth" time="0.135" /><testcase classname="backend.tests.test_agency_app_iter18.TestSearchClients" name="test_search_clients_by_name" time="0.432" /><testcase classname="backend.tests.test_agency_app_iter18.TestSearchClients" name="test_search_clients_short_query_returns_empty" time="0.099" /><testcase classname="backend.tests.test_agency_app_iter18.TestSearchClients" name="test_search_clients_by_email" time="0.428" /><testcase classname="backend.tests.test_agency_app_iter18.TestSearchClients" name="test_search_clients_requires_auth" time="0.105" /><testcase classname="backend.tests.test_agency_app_iter18.TestAvailableVehicles" name="test_get_available_vehicles" time="0.115" /><testcase classname="backend.tests.test_agency_app_iter18.TestAvailableVehicles" name="test_available_vehicles_requires_dates" time="0.105" /><testcase classname="backend.tests.test_agency_app_iter18.TestAvailableVehicles" name="test_available_vehicles_requires_auth" time="0.094" /><testcase classname="backend.tests.test_agency_app_iter18.TestAdminStats" name="test_admin_stats_returns_data" time="0.106" /><testcase classname="backend.tests.test_agency_app_iter18.TestAdminReservations" name="test_get_admin_reservations" time="0.124" /></testsuite></testsuites>