<?xml version="1.0" encoding="utf-8"?><testsuites name="pytest tests"><testsuite name="pytest" errors="0" failures="0" skipped="0" tests="9" time="3.481" timestamp="2026-03-02T15:55:06.936985+00:00" hostname="agent-env-8d33674f-6843-4cab-98e2-1bb2d739f73a"><testcase classname="backend.tests.test_client_identity_fields.TestAgencyAdminLogin" name="test_admin_login_includes_identity_fields_in_profile" time="0.450" /><testcase classname="backend.tests.test_client_identity_fields.TestGetUserWithIdentityFields" name="test_get_user_returns_all_identity_fields" time="0.587" /><testcase classname="backend.tests.test_client_identity_fields.TestUpdateUserWithIdentityFields" name="test_update_user_with_all_identity_fields" time="0.456" /><testcase classname="backend.tests.test_client_identity_fields.TestUpdateUserWithIdentityFields" name="test_update_user_partial_identity_fields" time="0.379" /><testcase classname="backend.tests.test_client_identity_fields.TestQuickClientWithIdentityFields" name="test_create_quick_client_with_all_identity_fields" time="0.484" /><testcase classname="backend.tests.test_client_identity_fields.TestQuickClientWithIdentityFields" name="test_create_quick_client_without_identity_fields" time="0.328" /><testcase classname="backend.tests.test_client_identity_fields.TestUserListIncludesIdentityFields" name="test_users_list_returns_identity_fields" time="0.226" /><testcase classname="backend.tests.test_client_identity_fields.TestAdminUserUpdateModel" name="test_update_with_invalid_birth_year_type" time="0.145" /><testcase classname="backend.tests.test_client_identity_fields.TestQuickClientCreateModel" name="test_create_with_all_field_types_correct" time="0.345" /></testsuite></testsuites>