<?xml version="1.0" encoding="utf-8"?><testsuites name="pytest tests"><testsuite name="pytest" errors="0" failures="0" skipped="0" tests="20" time="9.020" timestamp="2026-03-25T17:08:43.483410+00:00" hostname="agent-env-59f67659-90fd-4926-b352-52adb1c4983a"><testcase classname="backend.tests.test_refactored_backend.TestAPIRoot" name="test_api_root_returns_correct_response" time="0.144" /><testcase classname="backend.tests.test_refactored_backend.TestAuthEndpoints" name="test_login_admin_success" time="0.379" /><testcase classname="backend.tests.test_refactored_backend.TestAuthEndpoints" name="test_login_manager_success" time="0.378" /><testcase classname="backend.tests.test_refactored_backend.TestAuthEndpoints" name="test_login_employee_success" time="0.347" /><testcase classname="backend.tests.test_refactored_backend.TestAuthEndpoints" name="test_login_invalid_credentials" time="0.336" /><testcase classname="backend.tests.test_refactored_backend.TestAuthEndpoints" name="test_auth_me_with_valid_token" time="0.512" /><testcase classname="backend.tests.test_refactored_backend.TestAuthEndpoints" name="test_auth_me_without_token" time="0.102" /><testcase classname="backend.tests.test_refactored_backend.TestProjectsEndpoints" name="test_get_projects_list" time="0.458" /><testcase classname="backend.tests.test_refactored_backend.TestProjectsEndpoints" name="test_get_projects_without_auth" time="0.180" /><testcase classname="backend.tests.test_refactored_backend.TestStatsEndpoints" name="test_get_weekly_stats" time="0.454" /><testcase classname="backend.tests.test_refactored_backend.TestStatsEndpoints" name="test_get_balances" time="0.482" /><testcase classname="backend.tests.test_refactored_backend.TestTimeEntriesEndpoints" name="test_get_current_entry" time="0.475" /><testcase classname="backend.tests.test_refactored_backend.TestTimeEntriesEndpoints" name="test_clock_in_requires_project" time="0.449" /><testcase classname="backend.tests.test_refactored_backend.TestTimeEntriesEndpoints" name="test_clock_in_with_project" time="0.827" /><testcase classname="backend.tests.test_refactored_backend.TestTimeEntriesEndpoints" name="test_break_start" time="0.688" /><testcase classname="backend.tests.test_refactored_backend.TestTimeEntriesEndpoints" name="test_break_end" time="0.600" /><testcase classname="backend.tests.test_refactored_backend.TestTimeEntriesEndpoints" name="test_clock_out" time="0.682" /><testcase classname="backend.tests.test_refactored_backend.TestLeavesEndpoints" name="test_get_leaves_list" time="0.479" /><testcase classname="backend.tests.test_refactored_backend.TestNotificationsEndpoints" name="test_get_notifications_list" time="0.518" /><testcase classname="backend.tests.test_refactored_backend.TestPlanningEndpoints" name="test_get_planning" time="0.470" /></testsuite></testsuites>