<?xml version="1.0" encoding="utf-8"?><testsuites name="pytest tests"><testsuite name="pytest" errors="0" failures="0" skipped="0" tests="9" time="15.382" timestamp="2026-04-03T14:46:46.709740+00:00" hostname="agent-env-18f23683-0cfb-4370-994d-fcbdb59cbbfa"><testcase classname="tests.test_documents_iter69.TestClientDocuments" name="test_01_get_my_documents_as_client" time="0.521" /><testcase classname="tests.test_documents_iter69.TestClientDocuments" name="test_02_upload_document_base64_as_client" time="0.689" /><testcase classname="tests.test_documents_iter69.TestClientDocuments" name="test_03_verify_uploaded_document_in_my_documents" time="0.562" /><testcase classname="tests.test_documents_iter69.TestAuthUploadCreatesDocumentRecord" name="test_01_upload_license_b64_creates_document_record" time="7.257" /><testcase classname="tests.test_documents_iter69.TestAuthUploadCreatesDocumentRecord" name="test_02_upload_id_b64_creates_document_record" time="3.532" /><testcase classname="tests.test_documents_iter69.TestAdminDocumentManagement" name="test_01_admin_get_client_documents" time="0.393" /><testcase classname="tests.test_documents_iter69.TestAdminDocumentManagement" name="test_02_admin_validate_document" time="0.470" /><testcase classname="tests.test_documents_iter69.TestAdminDocumentManagement" name="test_03_admin_reject_document" time="0.937" /><testcase classname="tests.test_documents_iter69.TestDocumentUploadWithClientId" name="test_01_admin_upload_for_client" time="0.953" /></testsuite></testsuites>