<?xml version="1.0" encoding="utf-8"?><testsuites name="pytest tests"><testsuite name="pytest" errors="0" failures="0" skipped="0" tests="14" time="5.609" timestamp="2026-03-20T09:33:27.740690+00:00" hostname="agent-env-ee4b6621-67ba-4d7a-a75a-032ee88e5f49"><testcase classname="tests.test_iteration51.TestAdminLogin" name="test_admin_login_success" time="0.557" /><testcase classname="tests.test_iteration51.TestAdminLogin" name="test_admin_login_invalid_credentials" time="0.346" /><testcase classname="tests.test_iteration51.TestFeature1VehicleSchedule" name="test_vehicle_schedule_returns_all_vehicles" time="0.570" /><testcase classname="tests.test_iteration51.TestFeature1VehicleSchedule" name="test_vehicle_schedule_includes_completed_status" time="0.428" /><testcase classname="tests.test_iteration51.TestFeature3ClientAuth" name="test_client_login_success" time="0.394" /><testcase classname="tests.test_iteration51.TestFeature3ClientAuth" name="test_client_profile_access" time="0.398" /><testcase classname="tests.test_iteration51.TestFeature3bBookingOptions" name="test_vehicles_list_has_options" time="0.107" /><testcase classname="tests.test_iteration51.TestFeature3bBookingOptions" name="test_single_vehicle_fetch" time="0.154" /><testcase classname="tests.test_iteration51.TestFeature4DocumentUpload" name="test_document_upload_endpoints_exist" time="0.552" /><testcase classname="tests.test_iteration51.TestFeature4DocumentUpload" name="test_user_profile_has_document_fields" time="0.420" /><testcase classname="tests.test_iteration51.TestFeature5Notifications" name="test_notifications_endpoint_returns_list" time="0.401" /><testcase classname="tests.test_iteration51.TestFeature5Notifications" name="test_unread_count_endpoint" time="0.386" /><testcase classname="tests.test_iteration51.TestReservationsEndpoint" name="test_client_reservations" time="0.401" /><testcase classname="tests.test_iteration51.TestAdminReservations" name="test_admin_reservations_list" time="0.403" /></testsuite></testsuites>