<?xml version="1.0" encoding="utf-8"?><testsuites name="pytest tests"><testsuite name="pytest" errors="0" failures="0" skipped="0" tests="18" time="8.275" timestamp="2026-04-07T16:12:49.525894+00:00" hostname="agent-env-18f23683-0cfb-4370-994d-fcbdb59cbbfa"><testcase classname="backend.tests.test_iteration72_gestion_redesign.TestGestionRedesignBackend" name="test_admin_stats_returns_200" time="0.514" /><testcase classname="backend.tests.test_iteration72_gestion_redesign.TestGestionRedesignBackend" name="test_admin_stats_has_kpi_fields" time="0.453" /><testcase classname="backend.tests.test_iteration72_gestion_redesign.TestGestionRedesignBackend" name="test_reservations_today_returns_200" time="0.405" /><testcase classname="backend.tests.test_iteration72_gestion_redesign.TestGestionRedesignBackend" name="test_reservations_today_has_required_fields" time="0.438" /><testcase classname="backend.tests.test_iteration72_gestion_redesign.TestGestionRedesignBackend" name="test_overdue_returns_200" time="0.386" /><testcase classname="backend.tests.test_iteration72_gestion_redesign.TestGestionRedesignBackend" name="test_overdue_has_required_fields" time="0.393" /><testcase classname="backend.tests.test_iteration72_gestion_redesign.TestGestionRedesignBackend" name="test_reservations_list_returns_200" time="0.557" /><testcase classname="backend.tests.test_iteration72_gestion_redesign.TestGestionRedesignBackend" name="test_reservations_list_has_required_fields" time="0.498" /><testcase classname="backend.tests.test_iteration72_gestion_redesign.TestGestionRedesignBackend" name="test_reservations_filter_by_status_active" time="0.414" /><testcase classname="backend.tests.test_iteration72_gestion_redesign.TestGestionRedesignBackend" name="test_reservations_filter_by_status_confirmed" time="0.421" /><testcase classname="backend.tests.test_iteration72_gestion_redesign.TestGestionRedesignBackend" name="test_reservations_filter_by_status_cancelled" time="0.397" /><testcase classname="backend.tests.test_iteration72_gestion_redesign.TestGestionRedesignBackend" name="test_vehicle_schedule_returns_200" time="0.392" /><testcase classname="backend.tests.test_iteration72_gestion_redesign.TestGestionRedesignBackend" name="test_vehicle_schedule_has_vehicles" time="0.422" /><testcase classname="backend.tests.test_iteration72_gestion_redesign.TestGestionRedesignBackend" name="test_update_reservation_status_endpoint_exists" time="1.665" /><testcase classname="backend.tests.test_iteration72_gestion_redesign.TestGestionRedesignBackend" name="test_kpi_active_count_matches_filter" time="0.439" /><testcase classname="backend.tests.test_iteration72_gestion_redesign.TestGestionRedesignAuth" name="test_stats_requires_auth" time="0.193" /><testcase classname="backend.tests.test_iteration72_gestion_redesign.TestGestionRedesignAuth" name="test_reservations_today_requires_auth" time="0.103" /><testcase classname="backend.tests.test_iteration72_gestion_redesign.TestGestionRedesignAuth" name="test_overdue_requires_auth" time="0.102" /></testsuite></testsuites>