<?xml version="1.0" encoding="utf-8"?><testsuites name="pytest tests"><testsuite name="pytest" errors="0" failures="0" skipped="0" tests="10" time="5.877" timestamp="2026-03-02T15:32:54.261656+00:00" hostname="agent-env-8d33674f-6843-4cab-98e2-1bb2d739f73a"><testcase classname="backend.tests.test_document_alerts_and_grids.TestAgencyAdminAuth" name="test_agency_admin_login" time="0.462" /><testcase classname="backend.tests.test_document_alerts_and_grids.TestDocumentAlertsEndpoint" name="test_document_alerts_default_30_days" time="0.469" /><testcase classname="backend.tests.test_document_alerts_and_grids.TestDocumentAlertsEndpoint" name="test_document_alerts_custom_days" time="0.625" /><testcase classname="backend.tests.test_document_alerts_and_grids.TestDocumentAlertsEndpoint" name="test_document_alerts_sorting" time="0.464" /><testcase classname="backend.tests.test_document_alerts_and_grids.TestDocumentAlertsEndpoint" name="test_document_alerts_requires_auth" time="0.480" /><testcase classname="backend.tests.test_document_alerts_and_grids.TestDocumentUploadWithExpiry" name="test_upload_document_with_expiry_date" time="0.779" /><testcase classname="backend.tests.test_document_alerts_and_grids.TestDocumentUploadWithExpiry" name="test_upload_document_without_expiry_date" time="0.926" /><testcase classname="backend.tests.test_document_alerts_and_grids.TestVehicleScheduleForBooking" name="test_vehicle_schedule_for_date_range" time="0.469" /><testcase classname="backend.tests.test_document_alerts_and_grids.TestClientsListEndpoint" name="test_clients_list_returns_data_for_grid" time="0.663" /><testcase classname="backend.tests.test_document_alerts_and_grids.TestVehicleDocumentExpiryInResponse" name="test_vehicle_documents_include_expiry_info" time="0.481" /></testsuite></testsuites>