<?xml version="1.0" encoding="utf-8"?><testsuites name="pytest tests"><testsuite name="pytest" errors="0" failures="0" skipped="0" tests="19" time="8.804" timestamp="2026-03-04T11:20:38.062785+00:00" hostname="agent-env-e114f96c-f1dd-4494-a448-664a9cd496db"><testcase classname="backend.tests.test_new_features.TestAuth" name="test_admin_login" time="0.452" /><testcase classname="backend.tests.test_new_features.TestAuth" name="test_employee_login" time="0.341" /><testcase classname="backend.tests.test_new_features.TestStatsBalances" name="test_get_balances" time="0.434" /><testcase classname="backend.tests.test_new_features.TestPlanning" name="test_get_planning" time="0.483" /><testcase classname="backend.tests.test_new_features.TestPlanning" name="test_planning_with_date_range" time="0.532" /><testcase classname="backend.tests.test_new_features.TestExpenses" name="test_create_expense" time="0.465" /><testcase classname="backend.tests.test_new_features.TestExpenses" name="test_list_expenses" time="0.465" /><testcase classname="backend.tests.test_new_features.TestExpenses" name="test_approve_expense" time="0.563" /><testcase classname="backend.tests.test_new_features.TestExpenses" name="test_reject_expense" time="0.535" /><testcase classname="backend.tests.test_new_features.TestDirectory" name="test_get_directory" time="0.467" /><testcase classname="backend.tests.test_new_features.TestNotifications" name="test_get_notifications" time="0.459" /><testcase classname="backend.tests.test_new_features.TestNotifications" name="test_get_unread_count" time="0.439" /><testcase classname="backend.tests.test_new_features.TestNotifications" name="test_mark_all_read" time="0.433" /><testcase classname="backend.tests.test_new_features.TestInvoices" name="test_get_invoices_as_admin" time="0.434" /><testcase classname="backend.tests.test_new_features.TestInvoices" name="test_get_invoices_as_employee_forbidden" time="0.426" /><testcase classname="backend.tests.test_new_features.TestAuditLogs" name="test_get_audit_logs_as_admin" time="0.455" /><testcase classname="backend.tests.test_new_features.TestAuditLogs" name="test_get_audit_logs_as_employee_forbidden" time="0.445" /><testcase classname="backend.tests.test_new_features.TestReports" name="test_download_pdf_report" time="0.456" /><testcase classname="backend.tests.test_new_features.TestReports" name="test_download_excel_report" time="0.446" /></testsuite></testsuites>