<?xml version="1.0" encoding="utf-8"?><testsuites name="pytest tests"><testsuite name="pytest" errors="0" failures="0" skipped="0" tests="47" time="19.990" timestamp="2026-03-02T11:05:23.138179+00:00" hostname="agent-env-e28eae28-eabc-44fb-93c4-1e3644d31fb6"><testcase classname="backend.tests.test_backend_refactoring_regression.TestAuthEndpoints" name="test_login_client_success" time="0.498" /><testcase classname="backend.tests.test_backend_refactoring_regression.TestAuthEndpoints" name="test_login_invalid_credentials" time="0.101" /><testcase classname="backend.tests.test_backend_refactoring_regression.TestAuthEndpoints" name="test_register_new_user" time="0.330" /><testcase classname="backend.tests.test_backend_refactoring_regression.TestAuthEndpoints" name="test_register_duplicate_email" time="0.102" /><testcase classname="backend.tests.test_backend_refactoring_regression.TestAuthEndpoints" name="test_get_profile_authenticated" time="0.366" /><testcase classname="backend.tests.test_backend_refactoring_regression.TestAuthEndpoints" name="test_get_profile_unauthenticated" time="0.109" /><testcase classname="backend.tests.test_backend_refactoring_regression.TestAuthEndpoints" name="test_update_profile" time="0.386" /><testcase classname="backend.tests.test_backend_refactoring_regression.TestAuthEndpoints" name="test_forgot_password" time="0.113" /><testcase classname="backend.tests.test_backend_refactoring_regression.TestAdminAuthEndpoints" name="test_admin_login_super_admin" time="0.418" /><testcase classname="backend.tests.test_backend_refactoring_regression.TestAdminAuthEndpoints" name="test_admin_login_agency_admin" time="0.325" /><testcase classname="backend.tests.test_backend_refactoring_regression.TestAdminAuthEndpoints" name="test_admin_login_client_forbidden" time="0.316" /><testcase classname="backend.tests.test_backend_refactoring_regression.TestVehicleEndpoints" name="test_get_vehicles_list" time="0.607" /><testcase classname="backend.tests.test_backend_refactoring_regression.TestVehicleEndpoints" name="test_get_vehicles_filtered_by_type" time="0.466" /><testcase classname="backend.tests.test_backend_refactoring_regression.TestVehicleEndpoints" name="test_get_vehicles_filtered_by_price" time="0.467" /><testcase classname="backend.tests.test_backend_refactoring_regression.TestVehicleEndpoints" name="test_get_vehicle_by_id" time="0.753" /><testcase classname="backend.tests.test_backend_refactoring_regression.TestVehicleEndpoints" name="test_get_vehicle_not_found" time="0.388" /><testcase classname="backend.tests.test_backend_refactoring_regression.TestVehicleEndpoints" name="test_get_vehicle_availability" time="0.599" /><testcase classname="backend.tests.test_backend_refactoring_regression.TestAdminVehicleEndpoints" name="test_create_update_delete_vehicle" time="0.676" /><testcase classname="backend.tests.test_backend_refactoring_regression.TestAdminVehicleEndpoints" name="test_update_vehicle_status" time="0.761" /><testcase classname="backend.tests.test_backend_refactoring_regression.TestReservationEndpoints" name="test_get_reservations_authenticated" time="0.368" /><testcase classname="backend.tests.test_backend_refactoring_regression.TestReservationEndpoints" name="test_create_reservation" time="0.611" /><testcase classname="backend.tests.test_backend_refactoring_regression.TestReservationEndpoints" name="test_cancel_reservation" time="0.423" /><testcase classname="backend.tests.test_backend_refactoring_regression.TestNotificationEndpoints" name="test_get_notifications" time="0.393" /><testcase classname="backend.tests.test_backend_refactoring_regression.TestNotificationEndpoints" name="test_get_unread_count" time="0.381" /><testcase classname="backend.tests.test_backend_refactoring_regression.TestNotificationEndpoints" name="test_mark_all_read" time="0.384" /><testcase classname="backend.tests.test_backend_refactoring_regression.TestAdminStatsEndpoints" name="test_get_admin_stats" time="0.381" /><testcase classname="backend.tests.test_backend_refactoring_regression.TestAdminStatsEndpoints" name="test_get_advanced_stats" time="0.405" /><testcase classname="backend.tests.test_backend_refactoring_regression.TestAdminUserEndpoints" name="test_get_admin_users" time="0.482" /><testcase classname="backend.tests.test_backend_refactoring_regression.TestAdminUserEndpoints" name="test_get_user_by_id" time="0.613" /><testcase classname="backend.tests.test_backend_refactoring_regression.TestAdminUserEndpoints" name="test_update_user_rating" time="0.534" /><testcase classname="backend.tests.test_backend_refactoring_regression.TestAdminReservationEndpoints" name="test_get_admin_reservations" time="0.414" /><testcase classname="backend.tests.test_backend_refactoring_regression.TestAdminReservationEndpoints" name="test_filter_reservations_by_status" time="0.407" /><testcase classname="backend.tests.test_backend_refactoring_regression.TestAdminCalendarEndpoints" name="test_get_admin_calendar" time="0.377" /><testcase classname="backend.tests.test_backend_refactoring_regression.TestAdminCalendarEndpoints" name="test_get_overdue" time="0.383" /><testcase classname="backend.tests.test_backend_refactoring_regression.TestAgencyEndpoints" name="test_list_agencies" time="0.719" /><testcase classname="backend.tests.test_backend_refactoring_regression.TestPublicAgencyEndpoints" name="test_get_agency_by_slug" time="0.429" /><testcase classname="backend.tests.test_backend_refactoring_regression.TestAdminMobileAppEndpoints" name="test_search_clients" time="0.363" /><testcase classname="backend.tests.test_backend_refactoring_regression.TestAdminMobileAppEndpoints" name="test_get_available_vehicles" time="0.497" /><testcase classname="backend.tests.test_backend_refactoring_regression.TestAdminMobileAppEndpoints" name="test_get_vehicle_schedule" time="0.413" /><testcase classname="backend.tests.test_backend_refactoring_regression.TestAdminMobileAppEndpoints" name="test_quick_client_creation" time="0.613" /><testcase classname="backend.tests.test_backend_refactoring_regression.TestNavixyEndpoints" name="test_get_navixy_config" time="0.365" /><testcase classname="backend.tests.test_backend_refactoring_regression.TestNavixyEndpoints" name="test_update_navixy_config" time="0.428" /><testcase classname="backend.tests.test_backend_refactoring_regression.TestContractEndpoints" name="test_list_contracts" time="0.371" /><testcase classname="backend.tests.test_backend_refactoring_regression.TestContractEndpoints" name="test_get_contract_by_id" time="0.424" /><testcase classname="backend.tests.test_backend_refactoring_regression.TestContractEndpoints" name="test_get_contract_pdf" time="0.433" /><testcase classname="backend.tests.test_backend_refactoring_regression.TestPaymentEndpoints" name="test_webhook_stripe" time="0.385" /><testcase classname="backend.tests.test_backend_refactoring_regression.TestSeedEndpoint" name="test_seed_data" time="0.095" /></testsuite></testsuites>