<?xml version="1.0" encoding="utf-8"?><testsuites name="pytest tests"><testsuite name="pytest" errors="0" failures="0" skipped="0" tests="12" time="4.764" timestamp="2026-03-06T09:59:11.488229+00:00" hostname="agent-env-34a8126a-b2b5-4a0a-9406-78663ccfb859"><testcase classname="backend.tests.test_quick_client.TestQuickClientCreation" name="test_01_create_quick_client_returns_generated_password" time="1.043" /><testcase classname="backend.tests.test_quick_client.TestQuickClientCreation" name="test_02_existing_client_returns_is_new_false" time="0.110" /><testcase classname="backend.tests.test_quick_client.TestQuickClientCreation" name="test_03_create_client_without_email" time="0.325" /><testcase classname="backend.tests.test_quick_client.TestQuickClientCreation" name="test_04_create_client_with_name_only" time="0.338" /><testcase classname="backend.tests.test_quick_client.TestDocumentUpload" name="test_01_upload_license_front" time="1.310" /><testcase classname="backend.tests.test_quick_client.TestDocumentUpload" name="test_02_upload_license_back" time="0.315" /><testcase classname="backend.tests.test_quick_client.TestDocumentUpload" name="test_03_upload_id_front" time="0.334" /><testcase classname="backend.tests.test_quick_client.TestDocumentUpload" name="test_04_upload_id_back" time="0.265" /><testcase classname="backend.tests.test_quick_client.TestDocumentUpload" name="test_05_upload_invalid_doc_type" time="0.290" /><testcase classname="backend.tests.test_quick_client.TestDocumentUpload" name="test_06_upload_to_nonexistent_client" time="0.100" /><testcase classname="backend.tests.test_quick_client.TestAuthRequired" name="test_quick_client_requires_auth" time="0.104" /><testcase classname="backend.tests.test_quick_client.TestAuthRequired" name="test_document_upload_requires_auth" time="0.158" /></testsuite></testsuites>