<?xml version="1.0" encoding="utf-8"?><testsuites name="pytest tests"><testsuite name="pytest" errors="0" failures="0" skipped="1" tests="17" time="7.259" timestamp="2026-03-21T11:28:34.428926+00:00" hostname="agent-env-1ebf9e00-5d53-49e7-983b-21531f0c6f4c"><testcase classname="backend.tests.test_iteration60_seasonal_pricing_inspections.TestSeasonalPricingCRUD" name="test_01_get_seasonal_pricing_empty_or_existing" time="0.415" /><testcase classname="backend.tests.test_iteration60_seasonal_pricing_inspections.TestSeasonalPricingCRUD" name="test_02_put_seasonal_pricing_create" time="0.371" /><testcase classname="backend.tests.test_iteration60_seasonal_pricing_inspections.TestSeasonalPricingCRUD" name="test_03_get_seasonal_pricing_after_create" time="0.391" /><testcase classname="backend.tests.test_iteration60_seasonal_pricing_inspections.TestSeasonalPricingCRUD" name="test_04_put_seasonal_pricing_update" time="0.434" /><testcase classname="backend.tests.test_iteration60_seasonal_pricing_inspections.TestSeasonalPricingSecurity" name="test_05_cannot_modify_other_agency_vehicle" time="0.368" /><testcase classname="backend.tests.test_iteration60_seasonal_pricing_inspections.TestSeasonalPricingSecurity" name="test_06_super_admin_can_modify_any_vehicle" time="0.748" /><testcase classname="backend.tests.test_iteration60_seasonal_pricing_inspections.TestSeasonalPricingPublicEndpoint" name="test_07_public_get_seasonal_pricing" time="0.112" /><testcase classname="backend.tests.test_iteration60_seasonal_pricing_inspections.TestSeasonalPricingPublicEndpoint" name="test_08_vehicle_detail_includes_seasonal_pricing" time="0.100" /><testcase classname="backend.tests.test_iteration60_seasonal_pricing_inspections.TestInspectionDefaults" name="test_09_get_inspection_defaults" time="0.383" /><testcase classname="backend.tests.test_iteration60_seasonal_pricing_inspections.TestInspectionCRUD" name="test_10_get_inspections_for_existing_reservation" time="0.368" /><testcase classname="backend.tests.test_iteration60_seasonal_pricing_inspections.TestInspectionCRUD" name="test_11_create_inspection_duplicate_fails" time="0.389" /><testcase classname="backend.tests.test_iteration60_seasonal_pricing_inspections.TestInspectionCRUD" name="test_12_update_existing_inspection" time="0.411" /><testcase classname="backend.tests.test_iteration60_seasonal_pricing_inspections.TestInspectionCRUD" name="test_13_get_single_inspection" time="0.421" /><testcase classname="backend.tests.test_iteration60_seasonal_pricing_inspections.TestInspectionCreateNewReservation" name="test_14_create_checkout_inspection" time="0.615" /><testcase classname="backend.tests.test_iteration60_seasonal_pricing_inspections.TestInspectionCreateNewReservation" name="test_15_create_checkin_inspection" time="0.677" /><testcase classname="backend.tests.test_iteration60_seasonal_pricing_inspections.TestInspectionSecurity" name="test_16_cannot_create_inspection_for_other_agency_reservation" time="0.462"><skipped type="pytest.skip" message="No reservation from other agency found">/app/backend/tests/test_iteration60_seasonal_pricing_inspections.py:544: No reservation from other agency found</skipped></testcase><testcase classname="backend.tests.test_iteration60_seasonal_pricing_inspections.TestCleanup" name="test_99_cleanup_seasonal_pricing" time="0.506" /></testsuite></testsuites>