<?xml version="1.0" encoding="utf-8"?><testsuites name="pytest tests"><testsuite name="pytest" errors="0" failures="0" skipped="0" tests="15" time="3.604" timestamp="2026-02-27T10:33:04.716589+00:00" hostname="agent-env-586f82ac-b719-4079-8921-eecb6d1c140d"><testcase classname="tests.test_iteration19.TestBackendAPIs" name="test_agency_admin_login" time="0.489" /><testcase classname="tests.test_iteration19.TestBackendAPIs" name="test_client_login" time="0.337" /><testcase classname="tests.test_iteration19.TestBackendAPIs" name="test_super_admin_login" time="0.423" /><testcase classname="tests.test_iteration19.TestBackendAPIs" name="test_agency_admin_profile" time="0.136" /><testcase classname="tests.test_iteration19.TestBackendAPIs" name="test_get_notifications" time="0.147" /><testcase classname="tests.test_iteration19.TestBackendAPIs" name="test_get_unread_count" time="0.142" /><testcase classname="tests.test_iteration19.TestBackendAPIs" name="test_client_notifications" time="0.103" /><testcase classname="tests.test_iteration19.TestBackendAPIs" name="test_mark_all_notifications_read" time="0.102" /><testcase classname="tests.test_iteration19.TestBackendAPIs" name="test_import_users_csv" time="0.328" /><testcase classname="tests.test_iteration19.TestBackendAPIs" name="test_import_users_zip_with_photos" time="0.323" /><testcase classname="tests.test_iteration19.TestBackendAPIs" name="test_import_users_invalid_file" time="0.101" /><testcase classname="tests.test_iteration19.TestBackendAPIs" name="test_import_users_requires_auth" time="0.108" /><testcase classname="tests.test_iteration19.TestBackendAPIs" name="test_get_admin_users" time="0.226" /><testcase classname="tests.test_iteration19.TestBackendAPIs" name="test_get_vehicles" time="0.293" /><testcase classname="tests.test_iteration19.TestBackendAPIs" name="test_admin_vehicles" time="0.287" /></testsuite></testsuites>