<?xml version="1.0" encoding="utf-8"?><testsuites name="pytest tests"><testsuite name="pytest" errors="0" failures="0" skipped="0" tests="11" time="6.674" timestamp="2026-03-04T10:46:05.467568+00:00" hostname="agent-env-e114f96c-f1dd-4494-a448-664a9cd496db"><testcase classname="backend.tests.test_geofencing.TestAuthAndSetup" name="test_admin_login" time="0.500" /><testcase classname="backend.tests.test_geofencing.TestAuthAndSetup" name="test_employee_login" time="0.338" /><testcase classname="backend.tests.test_geofencing.TestClockInValidation" name="test_clock_in_without_project_returns_400" time="0.903" /><testcase classname="backend.tests.test_geofencing.TestClockInValidation" name="test_clock_in_with_null_project_returns_400" time="0.336" /><testcase classname="backend.tests.test_geofencing.TestClockInWithProject" name="test_clock_in_with_non_gps_project_works" time="1.196" /><testcase classname="backend.tests.test_geofencing.TestGPSGeofencing" name="test_clock_in_gps_project_without_coordinates_returns_400" time="1.127" /><testcase classname="backend.tests.test_geofencing.TestGPSGeofencing" name="test_clock_in_gps_project_outside_zone_returns_400" time="0.354" /><testcase classname="backend.tests.test_geofencing.TestGPSGeofencing" name="test_clock_in_gps_project_inside_zone_works" time="0.459" /><testcase classname="backend.tests.test_geofencing.TestProjectUpdate" name="test_update_project_returns_gps_fields" time="0.604" /><testcase classname="backend.tests.test_geofencing.TestProjectUpdate" name="test_get_projects_returns_gps_fields" time="0.315" /><testcase classname="backend.tests.test_geofencing.TestExistingGPSProject" name="test_bureau_geneve_has_gps" time="0.433" /></testsuite></testsuites>