<?xml version="1.0" encoding="utf-8"?><testsuites name="pytest tests"><testsuite name="pytest" errors="0" failures="0" skipped="0" tests="9" time="2.043" timestamp="2026-04-02T14:01:55.006387+00:00" hostname="agent-env-18f23683-0cfb-4370-994d-fcbdb59cbbfa"><testcase classname="backend.tests.test_vehicle_photos_api.TestVehiclePhotosAPI" name="test_get_vehicle_with_photos" time="0.669" /><testcase classname="backend.tests.test_vehicle_photos_api.TestVehiclePhotosAPI" name="test_update_photos_endpoint_exists" time="0.204" /><testcase classname="backend.tests.test_vehicle_photos_api.TestVehiclePhotosAPI" name="test_add_photo_via_update" time="0.206" /><testcase classname="backend.tests.test_vehicle_photos_api.TestVehiclePhotosAPI" name="test_reorder_photos" time="0.226" /><testcase classname="backend.tests.test_vehicle_photos_api.TestVehiclePhotosAPI" name="test_delete_photo_via_update" time="0.241" /><testcase classname="backend.tests.test_vehicle_photos_api.TestVehiclePhotosAPI" name="test_restore_original_photo" time="0.123" /><testcase classname="backend.tests.test_vehicle_photos_api.TestVehiclePhotosValidation" name="test_update_photos_empty_array" time="0.135" /><testcase classname="backend.tests.test_vehicle_photos_api.TestVehiclePhotosValidation" name="test_update_photos_invalid_vehicle" time="0.069" /><testcase classname="backend.tests.test_vehicle_photos_api.TestVehiclePhotosValidation" name="test_restore_photo_after_tests" time="0.096" /></testsuite></testsuites>