<?xml version="1.0" encoding="utf-8"?><testsuites name="pytest tests"><testsuite name="pytest" errors="0" failures="0" skipped="0" tests="18" time="8.082" timestamp="2026-04-03T09:43:15.882399+00:00" hostname="agent-env-18f23683-0cfb-4370-994d-fcbdb59cbbfa"><testcase classname="backend.tests.test_invoices_api.TestInvoiceAPI" name="test_list_invoices_admin" time="0.496" /><testcase classname="backend.tests.test_invoices_api.TestInvoiceAPI" name="test_list_invoices_client" time="0.397" /><testcase classname="backend.tests.test_invoices_api.TestInvoiceAPI" name="test_get_invoice_by_id_admin" time="0.412" /><testcase classname="backend.tests.test_invoices_api.TestInvoiceAPI" name="test_get_invoice_not_found" time="0.360" /><testcase classname="backend.tests.test_invoices_api.TestInvoiceAPI" name="test_create_invoice_from_reservation" time="0.403" /><testcase classname="backend.tests.test_invoices_api.TestInvoiceAPI" name="test_create_deposit_invoice" time="0.374" /><testcase classname="backend.tests.test_invoices_api.TestInvoiceAPI" name="test_create_invoice_reservation_not_found" time="0.363" /><testcase classname="backend.tests.test_invoices_api.TestInvoiceAPI" name="test_get_invoice_pdf" time="0.569" /><testcase classname="backend.tests.test_invoices_api.TestInvoiceAPI" name="test_get_invoice_pdf_client_own" time="0.501" /><testcase classname="backend.tests.test_invoices_api.TestInvoiceAPI" name="test_mark_invoice_paid" time="0.475" /><testcase classname="backend.tests.test_invoices_api.TestInvoiceAPI" name="test_add_penalty_invoice" time="0.428" /><testcase classname="backend.tests.test_invoices_api.TestInvoiceAPI" name="test_create_credit_note" time="0.476" /><testcase classname="backend.tests.test_invoices_api.TestInvoiceAPI" name="test_delete_draft_invoice" time="0.435" /><testcase classname="backend.tests.test_invoices_api.TestInvoiceAPI" name="test_delete_invoice_not_found" time="0.382" /><testcase classname="backend.tests.test_invoices_api.TestInvoiceAPI" name="test_client_cannot_access_other_invoices" time="0.680" /><testcase classname="backend.tests.test_invoices_api.TestInvoiceAPI" name="test_client_cannot_mark_paid" time="0.415" /><testcase classname="backend.tests.test_invoices_api.TestInvoiceAPI" name="test_client_cannot_create_invoice" time="0.378" /><testcase classname="backend.tests.test_invoices_api.TestInvoiceAPI" name="test_stripe_payment_session" time="0.457" /></testsuite></testsuites>