<?xml version="1.0" encoding="utf-8"?><testsuites name="pytest tests"><testsuite name="pytest" errors="0" failures="0" skipped="0" tests="6" time="1.529" timestamp="2026-02-26T08:34:32.084572+00:00" hostname="agent-env-02a980a8-5452-464b-98a3-fdaf684028a7"><testcase classname="backend.tests.test_agency_slugs.TestPublicAgencyEndpoint" name="test_agency_by_valid_slug" time="0.199" /><testcase classname="backend.tests.test_agency_slugs.TestPublicAgencyEndpoint" name="test_agency_nonexistent_slug" time="0.120" /><testcase classname="backend.tests.test_agency_slugs.TestRegisterWithAgencyId" name="test_register_with_valid_agency_id" time="0.326" /><testcase classname="backend.tests.test_agency_slugs.TestRegisterWithAgencyId" name="test_register_with_invalid_agency_id" time="0.098" /><testcase classname="backend.tests.test_agency_slugs.TestVehicleFilterByAgency" name="test_vehicles_filtered_by_agency" time="0.285" /><testcase classname="backend.tests.test_agency_slugs.TestAgenciesListWithSlugs" name="test_agencies_have_slugs" time="0.447" /></testsuite></testsuites>