<?xml version="1.0" encoding="utf-8"?><testsuites name="pytest tests"><testsuite name="pytest" errors="0" failures="0" skipped="0" tests="20" time="8.737" timestamp="2026-03-25T16:41:12.395944+00:00" hostname="agent-env-59f67659-90fd-4926-b352-52adb1c4983a"><testcase classname="backend.tests.test_refactored_backend.TestAPIRoot" name="test_api_root_returns_correct_response" time="0.135" /><testcase classname="backend.tests.test_refactored_backend.TestAuthEndpoints" name="test_login_admin_success" time="0.343" /><testcase classname="backend.tests.test_refactored_backend.TestAuthEndpoints" name="test_login_manager_success" time="0.340" /><testcase classname="backend.tests.test_refactored_backend.TestAuthEndpoints" name="test_login_employee_success" time="0.377" /><testcase classname="backend.tests.test_refactored_backend.TestAuthEndpoints" name="test_login_invalid_credentials" time="0.330" /><testcase classname="backend.tests.test_refactored_backend.TestAuthEndpoints" name="test_auth_me_with_valid_token" time="0.428" /><testcase classname="backend.tests.test_refactored_backend.TestAuthEndpoints" name="test_auth_me_without_token" time="0.103" /><testcase classname="backend.tests.test_refactored_backend.TestProjectsEndpoints" name="test_get_projects_list" time="0.418" /><testcase classname="backend.tests.test_refactored_backend.TestProjectsEndpoints" name="test_get_projects_without_auth" time="0.118" /><testcase classname="backend.tests.test_refactored_backend.TestStatsEndpoints" name="test_get_weekly_stats" time="0.512" /><testcase classname="backend.tests.test_refactored_backend.TestStatsEndpoints" name="test_get_balances" time="0.481" /><testcase classname="backend.tests.test_refactored_backend.TestTimeEntriesEndpoints" name="test_get_current_entry" time="0.444" /><testcase classname="backend.tests.test_refactored_backend.TestTimeEntriesEndpoints" name="test_clock_in_requires_project" time="0.443" /><testcase classname="backend.tests.test_refactored_backend.TestTimeEntriesEndpoints" name="test_clock_in_with_project" time="0.812" /><testcase classname="backend.tests.test_refactored_backend.TestTimeEntriesEndpoints" name="test_break_start" time="0.694" /><testcase classname="backend.tests.test_refactored_backend.TestTimeEntriesEndpoints" name="test_break_end" time="0.547" /><testcase classname="backend.tests.test_refactored_backend.TestTimeEntriesEndpoints" name="test_clock_out" time="0.701" /><testcase classname="backend.tests.test_refactored_backend.TestLeavesEndpoints" name="test_get_leaves_list" time="0.451" /><testcase classname="backend.tests.test_refactored_backend.TestNotificationsEndpoints" name="test_get_notifications_list" time="0.520" /><testcase classname="backend.tests.test_refactored_backend.TestPlanningEndpoints" name="test_get_planning" time="0.451" /></testsuite></testsuites>