<?xml version="1.0" encoding="utf-8"?><testsuites name="pytest tests"><testsuite name="pytest" errors="0" failures="0" skipped="0" tests="7" time="1.257" timestamp="2026-03-02T16:13:09.654230+00:00" hostname="agent-env-8d33674f-6843-4cab-98e2-1bb2d739f73a"><testcase classname="backend.tests.test_contract_generate_autofill.TestClientIdentityFieldsInContract" name="test_get_client_with_identity_fields" time="0.618" /><testcase classname="backend.tests.test_contract_generate_autofill.TestVehicleFieldsInContract" name="test_get_vehicle_with_fields" time="0.067" /><testcase classname="backend.tests.test_contract_generate_autofill.TestContractGenerateAutoFill" name="test_contract_generate_autofills_client_identity" time="0.255" /><testcase classname="backend.tests.test_contract_generate_autofill.TestContractGenerateAutoFill" name="test_contract_generate_autofills_vehicle_fields" time="0.065" /><testcase classname="backend.tests.test_contract_generate_autofill.TestExistingContractAutoFill" name="test_existing_contract_has_client_fields" time="0.062" /><testcase classname="backend.tests.test_contract_generate_autofill.TestContractByReservationEndpoint" name="test_get_contract_by_reservation" time="0.062" /><testcase classname="backend.tests.test_contract_generate_autofill.TestContractByReservationEndpoint" name="test_get_contract_by_nonexistent_reservation" time="0.065" /></testsuite></testsuites>