<?xml version="1.0" encoding="utf-8"?><testsuites name="pytest tests"><testsuite name="pytest" errors="0" failures="0" skipped="0" tests="14" time="7.094" timestamp="2026-02-25T10:23:51.915475+00:00" hostname="agent-env-0c2a2d1c-63b8-4352-bf05-6eaf2f865312"><testcase classname="tests.test_iteration4_features.TestHealthCheck" name="test_api_accessible" time="0.429" /><testcase classname="tests.test_iteration4_features.TestAuthentication" name="test_login_with_test_credentials" time="0.350" /><testcase classname="tests.test_iteration4_features.TestAdminOverdueEndpoint" name="test_admin_check_overdue_endpoint_exists" time="0.460" /><testcase classname="tests.test_iteration4_features.TestAdminOverdueEndpoint" name="test_admin_check_overdue_requires_auth" time="0.099" /><testcase classname="tests.test_iteration4_features.TestAdminOverdueEndpoint" name="test_admin_get_overdue_reservations" time="0.442" /><testcase classname="tests.test_iteration4_features.TestReservationsAPI" name="test_get_user_reservations" time="0.443" /><testcase classname="tests.test_iteration4_features.TestReservationsAPI" name="test_reservation_has_required_fields" time="0.431" /><testcase classname="tests.test_iteration4_features.TestReservationsAPI" name="test_cancel_reservation_endpoint" time="0.538" /><testcase classname="tests.test_iteration4_features.TestVehiclesForBooking" name="test_get_vehicles_list" time="0.275" /><testcase classname="tests.test_iteration4_features.TestVehiclesForBooking" name="test_get_vehicle_by_id" time="0.547" /><testcase classname="tests.test_iteration4_features.TestPaymentMethods" name="test_create_reservation_with_cash" time="1.011" /><testcase classname="tests.test_iteration4_features.TestPaymentMethods" name="test_create_reservation_with_card" time="0.801" /><testcase classname="tests.test_iteration4_features.TestAdminReservations" name="test_admin_reservations_list" time="0.503" /><testcase classname="tests.test_iteration4_features.TestAdminReservations" name="test_admin_filter_by_status" time="0.700" /></testsuite></testsuites>