<?xml version="1.0" encoding="utf-8"?><testsuites name="pytest tests"><testsuite name="pytest" errors="0" failures="1" skipped="0" tests="18" time="8.145" timestamp="2026-03-16T07:42:46.919369+00:00" hostname="agent-env-72605cd9-3e2f-4d10-9b33-aa024f8e974f"><testcase classname="tests.test_iteration49_full_verification.TestAuthentication" name="test_super_admin_login" time="0.506" /><testcase classname="tests.test_iteration49_full_verification.TestAuthentication" name="test_agency_admin_login" time="0.339" /><testcase classname="tests.test_iteration49_full_verification.TestAuthentication" name="test_client_login" time="0.329" /><testcase classname="tests.test_iteration49_full_verification.TestAuthentication" name="test_invalid_login_rejected" time="0.111" /><testcase classname="tests.test_iteration49_full_verification.TestAdminStats" name="test_admin_stats_returns_counts" time="0.524" /><testcase classname="tests.test_iteration49_full_verification.TestAdminStats" name="test_admin_stats_unauthenticated_fails" time="0.099" /><testcase classname="tests.test_iteration49_full_verification.TestAdminUsers" name="test_admin_users_returns_list" time="0.677" /><testcase classname="tests.test_iteration49_full_verification.TestAdminReservations" name="test_admin_reservations_returns_list" time="0.526" /><testcase classname="tests.test_iteration49_full_verification.TestAdminCalendar" name="test_admin_calendar_returns_events" time="0.524" /><testcase classname="tests.test_iteration49_full_verification.TestQuickClient" name="test_create_quick_client_with_password" time="0.914" /><testcase classname="tests.test_iteration49_full_verification.TestQuickClient" name="test_existing_client_returns_existing" time="0.101" /><testcase classname="tests.test_iteration49_full_verification.TestClientDocumentUpload" name="test_upload_client_document" time="1.126" /><testcase classname="tests.test_iteration49_full_verification.TestContractTemplate" name="test_get_contract_template" time="0.467" /><testcase classname="tests.test_iteration49_full_verification.TestContractTemplate" name="test_update_contract_template" time="0.107" /><testcase classname="tests.test_iteration49_full_verification.TestVehicles" name="test_get_vehicles_list" time="0.097" /><testcase classname="tests.test_iteration49_full_verification.TestContractPreview" name="test_generate_pdf_preview" time="0.489"><failure message="AssertionError: Unexpected status: 404&#10;assert 404 in [200, 201, 400, 422]&#10; +  where 404 = &lt;Response [404]&gt;.status_code">tests/test_iteration49_full_verification.py:328: in test_generate_pdf_preview
    assert resp.status_code in [200, 201, 400, 422], f"Unexpected status: {resp.status_code}"
E   AssertionError: Unexpected status: 404
E   assert 404 in [200, 201, 400, 422]
E    +  where 404 = &lt;Response [404]&gt;.status_code</failure></testcase><testcase classname="tests.test_iteration49_full_verification.TestAdvancedStats" name="test_get_advanced_stats" time="0.571" /><testcase classname="tests.test_iteration49_full_verification.TestOverdueReservations" name="test_get_overdue_reservations" time="0.520" /></testsuite></testsuites>