<?xml version="1.0" encoding="utf-8"?><testsuites name="pytest tests"><testsuite name="pytest" errors="0" failures="0" skipped="0" tests="24" time="2.295" timestamp="2026-03-25T07:52:19.028421+00:00" hostname="agent-env-1ebf9e00-5d53-49e7-983b-21531f0c6f4c"><testcase classname="backend.tests.test_iteration61_analytics_vehicles_esignature.TestAdvancedStats" name="test_advanced_stats_returns_200" time="0.666" /><testcase classname="backend.tests.test_iteration61_analytics_vehicles_esignature.TestAdvancedStats" name="test_advanced_stats_has_revenue_this_month" time="0.057" /><testcase classname="backend.tests.test_iteration61_analytics_vehicles_esignature.TestAdvancedStats" name="test_advanced_stats_has_reservations_this_month" time="0.059" /><testcase classname="backend.tests.test_iteration61_analytics_vehicles_esignature.TestAdvancedStats" name="test_advanced_stats_has_avg_booking_duration" time="0.059" /><testcase classname="backend.tests.test_iteration61_analytics_vehicles_esignature.TestAdvancedStats" name="test_advanced_stats_has_revenue_per_vehicle" time="0.063" /><testcase classname="backend.tests.test_iteration61_analytics_vehicles_esignature.TestAdvancedStats" name="test_advanced_stats_has_vehicle_utilization" time="0.057" /><testcase classname="backend.tests.test_iteration61_analytics_vehicles_esignature.TestAdvancedStats" name="test_advanced_stats_has_payment_methods" time="0.056" /><testcase classname="backend.tests.test_iteration61_analytics_vehicles_esignature.TestAdvancedStats" name="test_advanced_stats_has_weekly_trends" time="0.055" /><testcase classname="backend.tests.test_iteration61_analytics_vehicles_esignature.TestAdvancedStats" name="test_advanced_stats_has_cancellation_rate" time="0.058" /><testcase classname="backend.tests.test_iteration61_analytics_vehicles_esignature.TestTierAnalytics" name="test_tier_analytics_returns_200" time="0.046" /><testcase classname="backend.tests.test_iteration61_analytics_vehicles_esignature.TestTierAnalytics" name="test_tier_analytics_has_tier_stats" time="0.046" /><testcase classname="backend.tests.test_iteration61_analytics_vehicles_esignature.TestTierAnalytics" name="test_tier_analytics_has_with_tier_count" time="0.044" /><testcase classname="backend.tests.test_iteration61_analytics_vehicles_esignature.TestTierAnalytics" name="test_tier_analytics_has_without_tier_count" time="0.045" /><testcase classname="backend.tests.test_iteration61_analytics_vehicles_esignature.TestVehicleList" name="test_vehicles_returns_200" time="0.044" /><testcase classname="backend.tests.test_iteration61_analytics_vehicles_esignature.TestVehicleList" name="test_vehicles_returns_list" time="0.041" /><testcase classname="backend.tests.test_iteration61_analytics_vehicles_esignature.TestVehicleList" name="test_vehicles_includes_maintenance_status" time="0.055" /><testcase classname="backend.tests.test_iteration61_analytics_vehicles_esignature.TestVehicleList" name="test_vehicles_by_agency_id_geneva" time="0.042" /><testcase classname="backend.tests.test_iteration61_analytics_vehicles_esignature.TestVehicleList" name="test_vehicles_geneva_includes_maintenance" time="0.049" /><testcase classname="backend.tests.test_iteration61_analytics_vehicles_esignature.TestESignature" name="test_sign_contract_requires_auth" time="0.050" /><testcase classname="backend.tests.test_iteration61_analytics_vehicles_esignature.TestESignature" name="test_sign_nonexistent_contract_returns_404" time="0.048" /><testcase classname="backend.tests.test_iteration61_analytics_vehicles_esignature.TestESignature" name="test_sign_contract_endpoint_exists" time="0.063" /><testcase classname="backend.tests.test_iteration61_analytics_vehicles_esignature.TestContractSignatureFlow" name="test_contract_sign_accepts_base64_signature" time="0.106" /><testcase classname="backend.tests.test_iteration61_analytics_vehicles_esignature.TestSuperAdminAnalytics" name="test_super_admin_advanced_stats" time="0.340" /><testcase classname="backend.tests.test_iteration61_analytics_vehicles_esignature.TestSuperAdminAnalytics" name="test_super_admin_tier_analytics" time="0.052" /></testsuite></testsuites>