<?xml version="1.0" encoding="utf-8"?><testsuites name="pytest tests"><testsuite name="pytest" errors="0" failures="0" skipped="0" tests="11" time="1.684" timestamp="2026-03-20T11:19:03.907365+00:00" hostname="agent-env-ee4b6621-67ba-4d7a-a75a-032ee88e5f49"><testcase classname="backend.tests.test_iteration56_fixes.TestVehicleScheduleFix" name="test_vehicle_schedule_march_returns_13_reservations" time="0.502" /><testcase classname="backend.tests.test_iteration56_fixes.TestVehicleScheduleFix" name="test_vehicle_schedule_has_vehicle_details" time="0.142" /><testcase classname="backend.tests.test_iteration56_fixes.TestVehicleScheduleFix" name="test_vehicle_schedule_reservation_structure" time="0.108" /><testcase classname="backend.tests.test_iteration56_fixes.TestVehicleScheduleFix" name="test_vehicle_schedule_end_date_boundary" time="0.111" /><testcase classname="backend.tests.test_iteration56_fixes.TestAdminReservationsSorting" name="test_admin_reservations_sorted_by_start_date_desc" time="0.106" /><testcase classname="backend.tests.test_iteration56_fixes.TestAdminReservationsSorting" name="test_admin_reservations_response_structure" time="0.108" /><testcase classname="backend.tests.test_iteration56_fixes.TestClientReservationsSorting" name="test_client_reservations_sorted_by_start_date_desc" time="0.428" /><testcase classname="backend.tests.test_iteration56_fixes.TestClientReservationsSorting" name="test_client_reservations_response_structure" time="0.115" /><testcase classname="backend.tests.test_iteration56_fixes.TestCodeReview" name="test_agencies_py_vehicle_schedule_or_clause" time="0.000" /><testcase classname="backend.tests.test_iteration56_fixes.TestCodeReview" name="test_admin_py_reservation_sorting" time="0.000" /><testcase classname="backend.tests.test_iteration56_fixes.TestCodeReview" name="test_reservations_py_client_sorting" time="0.000" /></testsuite></testsuites>