<?xml version="1.0" encoding="utf-8"?><testsuites name="pytest tests"><testsuite name="pytest" errors="0" failures="0" skipped="1" tests="16" time="7.023" timestamp="2026-03-02T11:43:58.207548+00:00" hostname="agent-env-e28eae28-eabc-44fb-93c4-1e3644d31fb6"><testcase classname="backend.tests.test_contract_update_fields.TestContractUpdateFieldsEndpoint" name="test_admin_login_success" time="0.379" /><testcase classname="backend.tests.test_contract_update_fields.TestContractUpdateFieldsEndpoint" name="test_super_admin_login_success" time="0.420" /><testcase classname="backend.tests.test_contract_update_fields.TestFullReservationToContractFlow" name="test_create_reservation_success" time="2.785" /><testcase classname="backend.tests.test_contract_update_fields.TestFullReservationToContractFlow" name="test_generate_contract_returns_contract_id" time="0.124" /><testcase classname="backend.tests.test_contract_update_fields.TestFullReservationToContractFlow" name="test_contract_auto_populates_client_data" time="0.109" /><testcase classname="backend.tests.test_contract_update_fields.TestFullReservationToContractFlow" name="test_contract_auto_populates_vehicle_data" time="0.105" /><testcase classname="backend.tests.test_contract_update_fields.TestFullReservationToContractFlow" name="test_contract_auto_populates_dates" time="0.106" /><testcase classname="backend.tests.test_contract_update_fields.TestFullReservationToContractFlow" name="test_update_fields_draft_contract_success" time="0.105" /><testcase classname="backend.tests.test_contract_update_fields.TestFullReservationToContractFlow" name="test_updated_fields_persist_in_contract" time="0.201" /><testcase classname="backend.tests.test_contract_update_fields.TestFullReservationToContractFlow" name="test_non_editable_fields_ignored" time="0.214" /><testcase classname="backend.tests.test_contract_update_fields.TestFullReservationToContractFlow" name="test_sign_contract_success" time="0.098" /><testcase classname="backend.tests.test_contract_update_fields.TestFullReservationToContractFlow" name="test_signed_contract_cannot_be_edited" time="0.098" /><testcase classname="backend.tests.test_contract_update_fields.TestFullReservationToContractFlow" name="test_download_pdf_after_signing" time="0.120" /><testcase classname="backend.tests.test_contract_update_fields.TestUpdateFieldsAccessControl" name="test_client_cannot_update_fields" time="0.951" /><testcase classname="backend.tests.test_contract_update_fields.TestUpdateFieldsAccessControl" name="test_update_nonexistent_contract_returns_404" time="0.109" /><testcase classname="backend.tests.test_contract_update_fields.TestAllEditableFields" name="test_all_editable_fields_update" time="1.042"><skipped type="pytest.skip" message="Could not create reservation: {&quot;detail&quot;:&quot;Véhicule non disponible pour ces dates&quot;}">/app/backend/tests/test_contract_update_fields.py:479: Could not create reservation: {"detail":"Véhicule non disponible pour ces dates"}</skipped></testcase></testsuite></testsuites>