<?xml version="1.0" encoding="utf-8"?><testsuites name="pytest tests"><testsuite name="pytest" errors="0" failures="0" skipped="0" tests="16" time="4.284" timestamp="2026-03-02T11:20:54.195066+00:00" hostname="agent-env-e28eae28-eabc-44fb-93c4-1e3644d31fb6"><testcase classname="backend.tests.test_abicar_contracts.TestABICARContractGeneration" name="test_01_generate_contract_returns_contract_id" time="0.611" /><testcase classname="backend.tests.test_abicar_contracts.TestABICARContractGeneration" name="test_02_get_contract_has_abicar_fields" time="0.102" /><testcase classname="backend.tests.test_abicar_contracts.TestABICARContractGeneration" name="test_03_download_pdf_valid_format" time="0.113" /><testcase classname="backend.tests.test_abicar_contracts.TestABICARContractGeneration" name="test_04_pdf_contains_abicar_sections" time="0.132" /><testcase classname="backend.tests.test_abicar_contracts.TestABICARContractGeneration" name="test_05_send_contract_to_client" time="0.218" /><testcase classname="backend.tests.test_abicar_contracts.TestABICARContractGeneration" name="test_06_sign_contract_with_signature" time="0.195" /><testcase classname="backend.tests.test_abicar_contracts.TestABICARContractGeneration" name="test_07_list_all_contracts" time="0.104" /><testcase classname="backend.tests.test_abicar_contracts.TestABICARContractGeneration" name="test_08_get_contract_by_reservation" time="0.101" /><testcase classname="backend.tests.test_abicar_contracts.TestABICARContractGeneration" name="test_09_generate_contract_invalid_reservation" time="0.099" /><testcase classname="backend.tests.test_abicar_contracts.TestABICARContractGeneration" name="test_10_get_contract_not_found" time="0.098" /><testcase classname="backend.tests.test_abicar_contracts.TestABICARPDFContentValidation" name="test_pdf_french_language" time="0.541" /><testcase classname="backend.tests.test_abicar_contracts.TestABICARPDFContentValidation" name="test_pdf_has_financial_summary" time="0.286" /><testcase classname="backend.tests.test_abicar_contracts.TestABICARPDFContentValidation" name="test_pdf_has_signature_area" time="0.207" /><testcase classname="backend.tests.test_abicar_contracts.TestContractAccessControl" name="test_admin_can_generate_contract" time="1.156" /><testcase classname="backend.tests.test_abicar_contracts.TestContractAccessControl" name="test_client_cannot_generate_contract" time="0.096" /><testcase classname="backend.tests.test_abicar_contracts.TestContractAccessControl" name="test_super_admin_can_list_all_contracts" time="0.109" /></testsuite></testsuites>