<?xml version="1.0" encoding="utf-8"?><testsuites name="pytest tests"><testsuite name="pytest" errors="0" failures="0" skipped="0" tests="12" time="5.528" timestamp="2026-04-07T14:59:15.367284+00:00" hostname="agent-env-18f23683-0cfb-4370-994d-fcbdb59cbbfa"><testcase classname="backend.tests.test_iteration71_reservation_tabs.TestReservationTabsBackend" name="test_admin_stats_returns_200" time="0.527" /><testcase classname="backend.tests.test_iteration71_reservation_tabs.TestReservationTabsBackend" name="test_admin_stats_reservations_by_status" time="0.436" /><testcase classname="backend.tests.test_iteration71_reservation_tabs.TestReservationTabsBackend" name="test_today_reservations_returns_200" time="0.427" /><testcase classname="backend.tests.test_iteration71_reservation_tabs.TestReservationTabsBackend" name="test_today_reservations_has_required_fields" time="0.436" /><testcase classname="backend.tests.test_iteration71_reservation_tabs.TestReservationTabsBackend" name="test_overdue_reservations_returns_200" time="0.441" /><testcase classname="backend.tests.test_iteration71_reservation_tabs.TestReservationTabsBackend" name="test_overdue_has_days_overdue_field" time="0.450" /><testcase classname="backend.tests.test_iteration71_reservation_tabs.TestReservationTabsBackend" name="test_reservations_list_returns_200" time="0.411" /><testcase classname="backend.tests.test_iteration71_reservation_tabs.TestReservationTabsBackend" name="test_reservations_list_has_required_fields" time="0.415" /><testcase classname="backend.tests.test_iteration71_reservation_tabs.TestReservationTabsBackend" name="test_reservations_filter_by_status" time="0.645" /><testcase classname="backend.tests.test_iteration71_reservation_tabs.TestReservationTabsBackend" name="test_vehicle_schedule_returns_200" time="0.445" /><testcase classname="backend.tests.test_iteration71_reservation_tabs.TestReservationTabsBackend" name="test_vehicle_schedule_has_reservation_data" time="0.407" /><testcase classname="backend.tests.test_iteration71_reservation_tabs.TestReservationStatusUpdate" name="test_get_reservation_for_modal" time="0.403" /></testsuite></testsuites>