<?xml version="1.0" encoding="utf-8"?><testsuites name="pytest tests"><testsuite name="pytest" errors="0" failures="0" skipped="0" tests="10" time="3.245" timestamp="2026-03-03T10:58:32.301790+00:00" hostname="agent-env-a9c6043c-b611-4e51-8ecd-a34b25dd7268"><testcase classname="tests.test_profile_identity_fields.TestClientProfileIdentityFields" name="test_update_profile_with_all_identity_fields" time="0.677" /><testcase classname="tests.test_profile_identity_fields.TestClientProfileIdentityFields" name="test_get_profile_returns_identity_fields" time="0.108" /><testcase classname="tests.test_profile_identity_fields.TestClientProfileIdentityFields" name="test_partial_update_identity_fields" time="0.169" /><testcase classname="tests.test_profile_identity_fields.TestAdminUserUpdateIdentityFields" name="test_admin_update_user_identity_fields" time="0.552" /><testcase classname="tests.test_profile_identity_fields.TestAdminUserUpdateIdentityFields" name="test_admin_get_user_returns_identity_fields" time="0.105" /><testcase classname="tests.test_profile_identity_fields.TestQuickClientCreateIdentityFields" name="test_create_quick_client_with_date_of_birth" time="0.349" /><testcase classname="tests.test_profile_identity_fields.TestQuickClientCreateIdentityFields" name="test_quick_client_minimal_fields" time="0.409" /><testcase classname="tests.test_profile_identity_fields.TestAuthEndpoints" name="test_client_login" time="0.350" /><testcase classname="tests.test_profile_identity_fields.TestAuthEndpoints" name="test_admin_login" time="0.334" /><testcase classname="tests.test_profile_identity_fields.TestAuthEndpoints" name="test_invalid_login" time="0.109" /></testsuite></testsuites>