<?xml version="1.0" encoding="utf-8"?><testsuites name="pytest tests"><testsuite name="pytest" errors="0" failures="0" skipped="0" tests="10" time="1.809" timestamp="2026-03-20T11:02:47.160568+00:00" hostname="agent-env-ee4b6621-67ba-4d7a-a75a-032ee88e5f49"><testcase classname="backend.tests.test_iteration55_admin_vehicles.TestVehiclesAPI" name="test_get_all_vehicles" time="0.155" /><testcase classname="backend.tests.test_iteration55_admin_vehicles.TestVehiclesAPI" name="test_vehicle_has_required_fields_for_card" time="0.098" /><testcase classname="backend.tests.test_iteration55_admin_vehicles.TestVehiclesAPI" name="test_vehicle_price_is_positive" time="0.118" /><testcase classname="backend.tests.test_iteration55_admin_vehicles.TestVehiclesAPI" name="test_get_single_vehicle" time="0.207" /><testcase classname="backend.tests.test_iteration55_admin_vehicles.TestAdminAuth" name="test_admin_login" time="0.321" /><testcase classname="backend.tests.test_iteration55_admin_vehicles.TestAdminAuth" name="test_get_vehicles_filtered_by_agency" time="0.428" /><testcase classname="backend.tests.test_iteration55_admin_vehicles.TestVehicleDataForDisplayComponents" name="test_brand_can_be_uppercased" time="0.096" /><testcase classname="backend.tests.test_iteration55_admin_vehicles.TestVehicleDataForDisplayComponents" name="test_photos_array_for_gallery" time="0.102" /><testcase classname="backend.tests.test_iteration55_admin_vehicles.TestVehicleDataForDisplayComponents" name="test_transmission_and_fuel_for_badges" time="0.111" /><testcase classname="backend.tests.test_iteration55_admin_vehicles.TestVehicleDataForDisplayComponents" name="test_status_for_dot_indicator" time="0.108" /></testsuite></testsuites>