<?xml version="1.0" encoding="utf-8"?><testsuites name="pytest tests"><testsuite name="pytest" errors="0" failures="0" skipped="1" tests="16" time="6.853" timestamp="2026-02-27T08:27:14.753721+00:00" hostname="agent-env-b41116f5-08c7-4eb3-887f-c22ec073820d"><testcase classname="backend.tests.test_agency_app.TestAdminAuth" name="test_agency_admin_login" time="0.455" /><testcase classname="backend.tests.test_agency_app.TestAdminAuth" name="test_super_admin_login" time="0.449" /><testcase classname="backend.tests.test_agency_app.TestAdminAuth" name="test_client_cannot_login_admin" time="0.357" /><testcase classname="backend.tests.test_agency_app.TestQuickClient" name="test_create_quick_client_with_name_only" time="0.651" /><testcase classname="backend.tests.test_agency_app.TestQuickClient" name="test_create_quick_client_with_all_fields" time="0.680" /><testcase classname="backend.tests.test_agency_app.TestQuickClient" name="test_create_quick_client_existing_email_returns_existing" time="0.433" /><testcase classname="backend.tests.test_agency_app.TestQuickClient" name="test_quick_client_requires_auth" time="0.097" /><testcase classname="backend.tests.test_agency_app.TestSearchClients" name="test_search_clients_by_name" time="0.465" /><testcase classname="backend.tests.test_agency_app.TestSearchClients" name="test_search_clients_by_email" time="0.426" /><testcase classname="backend.tests.test_agency_app.TestSearchClients" name="test_search_clients_short_query_returns_empty" time="0.434" /><testcase classname="backend.tests.test_agency_app.TestSearchClients" name="test_search_clients_requires_auth" time="0.106" /><testcase classname="backend.tests.test_agency_app.TestAvailableVehicles" name="test_get_available_vehicles" time="0.436" /><testcase classname="backend.tests.test_agency_app.TestAvailableVehicles" name="test_available_vehicles_requires_auth" time="0.114" /><testcase classname="backend.tests.test_agency_app.TestCreateReservationForClient" name="test_create_cash_reservation" time="0.809"><skipped type="pytest.skip" message="No vehicles available for this agency (expected for new agency)">/app/backend/tests/test_agency_app.py:259: No vehicles available for this agency (expected for new agency)</skipped></testcase><testcase classname="backend.tests.test_agency_app.TestAdminStats" name="test_admin_stats_returns_correct_fields" time="0.444" /><testcase classname="backend.tests.test_agency_app.TestAdminReservations" name="test_get_admin_reservations" time="0.424" /></testsuite></testsuites>