<?xml version="1.0" encoding="utf-8"?><testsuites name="pytest tests"><testsuite name="pytest" errors="0" failures="3" skipped="0" tests="16" time="4.398" timestamp="2026-03-02T11:19:58.737630+00:00" hostname="agent-env-e28eae28-eabc-44fb-93c4-1e3644d31fb6"><testcase classname="backend.tests.test_abicar_contracts.TestABICARContractGeneration" name="test_01_generate_contract_returns_contract_id" time="0.663" /><testcase classname="backend.tests.test_abicar_contracts.TestABICARContractGeneration" name="test_02_get_contract_has_abicar_fields" time="0.098" /><testcase classname="backend.tests.test_abicar_contracts.TestABICARContractGeneration" name="test_03_download_pdf_valid_format" time="0.123" /><testcase classname="backend.tests.test_abicar_contracts.TestABICARContractGeneration" name="test_04_pdf_contains_abicar_sections" time="0.123" /><testcase classname="backend.tests.test_abicar_contracts.TestABICARContractGeneration" name="test_05_send_contract_to_client" time="0.208" /><testcase classname="backend.tests.test_abicar_contracts.TestABICARContractGeneration" name="test_06_sign_contract_with_signature" time="0.209" /><testcase classname="backend.tests.test_abicar_contracts.TestABICARContractGeneration" name="test_07_list_all_contracts" time="0.126" /><testcase classname="backend.tests.test_abicar_contracts.TestABICARContractGeneration" name="test_08_get_contract_by_reservation" time="0.106" /><testcase classname="backend.tests.test_abicar_contracts.TestABICARContractGeneration" name="test_09_generate_contract_invalid_reservation" time="0.098" /><testcase classname="backend.tests.test_abicar_contracts.TestABICARContractGeneration" name="test_10_get_contract_not_found" time="0.095" /><testcase classname="backend.tests.test_abicar_contracts.TestABICARPDFContentValidation" name="test_pdf_french_language" time="0.585"><failure message="assert 500 == 200&#10; +  where 500 = &lt;Response [500]&gt;.status_code">backend/tests/test_abicar_contracts.py:404: in test_pdf_french_language
    assert response.status_code == 200
E   assert 500 == 200
E    +  where 500 = &lt;Response [500]&gt;.status_code</failure></testcase><testcase classname="backend.tests.test_abicar_contracts.TestABICARPDFContentValidation" name="test_pdf_has_financial_summary" time="0.216"><failure message="assert 500 == 200&#10; +  where 500 = &lt;Response [500]&gt;.status_code">backend/tests/test_abicar_contracts.py:443: in test_pdf_has_financial_summary
    assert response.status_code == 200
E   assert 500 == 200
E    +  where 500 = &lt;Response [500]&gt;.status_code</failure></testcase><testcase classname="backend.tests.test_abicar_contracts.TestABICARPDFContentValidation" name="test_pdf_has_signature_area" time="0.213"><failure message="assert 500 == 200&#10; +  where 500 = &lt;Response [500]&gt;.status_code">backend/tests/test_abicar_contracts.py:477: in test_pdf_has_signature_area
    assert response.status_code == 200
E   assert 500 == 200
E    +  where 500 = &lt;Response [500]&gt;.status_code</failure></testcase><testcase classname="backend.tests.test_abicar_contracts.TestContractAccessControl" name="test_admin_can_generate_contract" time="1.161" /><testcase classname="backend.tests.test_abicar_contracts.TestContractAccessControl" name="test_client_cannot_generate_contract" time="0.098" /><testcase classname="backend.tests.test_abicar_contracts.TestContractAccessControl" name="test_super_admin_can_list_all_contracts" time="0.102" /></testsuite></testsuites>