<?xml version="1.0" encoding="utf-8"?><testsuites name="pytest tests"><testsuite name="pytest" errors="0" failures="0" skipped="0" tests="7" time="2.312" timestamp="2026-03-05T13:16:02.553935+00:00" hostname="agent-env-033c990c-5578-40e7-a497-97be1b7ba6cc"><testcase classname="test_add_vehicle_modal_fix.TestAddVehicleEndpoint" name="test_admin_login_success" time="0.532" /><testcase classname="test_add_vehicle_modal_fix.TestAddVehicleEndpoint" name="test_create_vehicle_minimal_fields" time="0.209" /><testcase classname="test_add_vehicle_modal_fix.TestAddVehicleEndpoint" name="test_create_vehicle_all_fields" time="0.152" /><testcase classname="test_add_vehicle_modal_fix.TestAddVehicleEndpoint" name="test_create_vehicle_unauthorized" time="0.141" /><testcase classname="test_add_vehicle_modal_fix.TestAddVehicleEndpoint" name="test_get_vehicles_list" time="0.318" /><testcase classname="test_add_vehicle_modal_fix.TestAddVehicleEndpoint" name="test_get_single_vehicle" time="0.496" /><testcase classname="test_add_vehicle_modal_fix.TestAddVehicleEndpoint" name="test_update_vehicle" time="0.317" /></testsuite></testsuites>