<?xml version="1.0" encoding="utf-8"?><testsuites name="pytest tests"><testsuite name="pytest" errors="0" failures="0" skipped="0" tests="16" time="3.609" timestamp="2026-02-28T17:20:22.969389+00:00" hostname="agent-env-1269d350-38eb-479c-a0ea-9234e493b05d"><testcase classname="backend.tests.test_contracts.TestContractSystem" name="test_get_existing_contract" time="0.531" /><testcase classname="backend.tests.test_contracts.TestContractSystem" name="test_get_contract_not_found" time="0.119" /><testcase classname="backend.tests.test_contracts.TestContractSystem" name="test_get_contract_by_reservation" time="0.141" /><testcase classname="backend.tests.test_contracts.TestContractSystem" name="test_get_contract_by_reservation_not_found" time="0.126" /><testcase classname="backend.tests.test_contracts.TestContractSystem" name="test_generate_contract_fr" time="0.113" /><testcase classname="backend.tests.test_contracts.TestContractSystem" name="test_generate_contract_en" time="0.247" /><testcase classname="backend.tests.test_contracts.TestContractSystem" name="test_generate_contract_invalid_reservation" time="0.107" /><testcase classname="backend.tests.test_contracts.TestContractSystem" name="test_list_contracts" time="0.101" /><testcase classname="backend.tests.test_contracts.TestContractSystem" name="test_send_contract" time="0.304" /><testcase classname="backend.tests.test_contracts.TestContractSystem" name="test_sign_contract" time="0.232" /><testcase classname="backend.tests.test_contracts.TestContractSystem" name="test_sign_already_signed_contract" time="0.129" /><testcase classname="backend.tests.test_contracts.TestContractSystem" name="test_download_pdf" time="0.130" /><testcase classname="backend.tests.test_contracts.TestContractSystem" name="test_download_pdf_not_found" time="0.112" /><testcase classname="backend.tests.test_contracts.TestContractDataIntegrity" name="test_contract_has_all_required_sections" time="0.439" /><testcase classname="backend.tests.test_contracts.TestContractDataIntegrity" name="test_contract_status_flow" time="0.126" /><testcase classname="backend.tests.test_contracts.TestContractClientAccess" name="test_super_admin_can_access_contracts" time="0.573" /></testsuite></testsuites>