<?xml version="1.0" encoding="utf-8"?><testsuites name="pytest tests"><testsuite name="pytest" errors="0" failures="0" skipped="0" tests="7" time="1.790" timestamp="2026-03-03T16:42:21.870075+00:00" hostname="agent-env-033c990c-5578-40e7-a497-97be1b7ba6cc"><testcase classname="backend.tests.test_add_vehicle_modal_fix.TestAddVehicleEndpoint" name="test_admin_login_success" time="0.403" /><testcase classname="backend.tests.test_add_vehicle_modal_fix.TestAddVehicleEndpoint" name="test_create_vehicle_minimal_fields" time="0.163" /><testcase classname="backend.tests.test_add_vehicle_modal_fix.TestAddVehicleEndpoint" name="test_create_vehicle_all_fields" time="0.112" /><testcase classname="backend.tests.test_add_vehicle_modal_fix.TestAddVehicleEndpoint" name="test_create_vehicle_unauthorized" time="0.125" /><testcase classname="backend.tests.test_add_vehicle_modal_fix.TestAddVehicleEndpoint" name="test_get_vehicles_list" time="0.313" /><testcase classname="backend.tests.test_add_vehicle_modal_fix.TestAddVehicleEndpoint" name="test_get_single_vehicle" time="0.377" /><testcase classname="backend.tests.test_add_vehicle_modal_fix.TestAddVehicleEndpoint" name="test_update_vehicle" time="0.235" /></testsuite></testsuites>