<?xml version="1.0" encoding="utf-8"?><testsuites name="pytest tests"><testsuite name="pytest" errors="0" failures="0" skipped="0" tests="10" time="6.166" timestamp="2026-03-02T15:18:58.663082+00:00" hostname="agent-env-8d33674f-6843-4cab-98e2-1bb2d739f73a"><testcase classname="backend.tests.test_document_alerts_and_grids.TestAgencyAdminAuth" name="test_agency_admin_login" time="0.442" /><testcase classname="backend.tests.test_document_alerts_and_grids.TestDocumentAlertsEndpoint" name="test_document_alerts_default_30_days" time="0.483" /><testcase classname="backend.tests.test_document_alerts_and_grids.TestDocumentAlertsEndpoint" name="test_document_alerts_custom_days" time="0.551" /><testcase classname="backend.tests.test_document_alerts_and_grids.TestDocumentAlertsEndpoint" name="test_document_alerts_sorting" time="0.452" /><testcase classname="backend.tests.test_document_alerts_and_grids.TestDocumentAlertsEndpoint" name="test_document_alerts_requires_auth" time="0.527" /><testcase classname="backend.tests.test_document_alerts_and_grids.TestDocumentUploadWithExpiry" name="test_upload_document_with_expiry_date" time="0.818" /><testcase classname="backend.tests.test_document_alerts_and_grids.TestDocumentUploadWithExpiry" name="test_upload_document_without_expiry_date" time="1.158" /><testcase classname="backend.tests.test_document_alerts_and_grids.TestVehicleScheduleForBooking" name="test_vehicle_schedule_for_date_range" time="0.489" /><testcase classname="backend.tests.test_document_alerts_and_grids.TestClientsListEndpoint" name="test_clients_list_returns_data_for_grid" time="0.692" /><testcase classname="backend.tests.test_document_alerts_and_grids.TestVehicleDocumentExpiryInResponse" name="test_vehicle_documents_include_expiry_info" time="0.486" /></testsuite></testsuites>