<?xml version="1.0" encoding="utf-8"?><testsuites name="pytest tests"><testsuite name="pytest" errors="0" failures="0" skipped="1" tests="16" time="10.447" timestamp="2026-03-02T12:29:23.829257+00:00" hostname="agent-env-875d271c-1897-4408-98b7-dca2d42fb9d5"><testcase classname="backend.tests.test_analytics_dashboard.TestTopClientsEndpoint" name="test_top_clients_super_admin" time="0.626" /><testcase classname="backend.tests.test_analytics_dashboard.TestTopClientsEndpoint" name="test_top_clients_agency_admin" time="0.322" /><testcase classname="backend.tests.test_analytics_dashboard.TestTopClientsEndpoint" name="test_top_clients_unauthorized" time="0.049" /><testcase classname="backend.tests.test_analytics_dashboard.TestAgencyComparisonEndpoint" name="test_agency_comparison_super_admin" time="0.081" /><testcase classname="backend.tests.test_analytics_dashboard.TestAgencyComparisonEndpoint" name="test_agency_comparison_agency_admin_forbidden" time="0.049" /><testcase classname="backend.tests.test_analytics_dashboard.TestAgencyComparisonEndpoint" name="test_agency_comparison_unauthorized" time="0.053" /><testcase classname="backend.tests.test_analytics_dashboard.TestRevenueForecastEndpoint" name="test_revenue_forecast_super_admin" time="4.770" /><testcase classname="backend.tests.test_analytics_dashboard.TestRevenueForecastEndpoint" name="test_revenue_forecast_agency_admin" time="3.072" /><testcase classname="backend.tests.test_analytics_dashboard.TestRevenueForecastEndpoint" name="test_revenue_forecast_unauthorized" time="0.046" /><testcase classname="backend.tests.test_analytics_dashboard.TestBasicStatsEndpoint" name="test_basic_stats_super_admin" time="0.080" /><testcase classname="backend.tests.test_analytics_dashboard.TestBasicStatsEndpoint" name="test_basic_stats_agency_admin" time="0.065" /><testcase classname="backend.tests.test_analytics_dashboard.TestAdvancedStatsEndpoint" name="test_advanced_stats_super_admin" time="0.104" /><testcase classname="backend.tests.test_analytics_dashboard.TestAdvancedStatsEndpoint" name="test_advanced_stats_agency_admin" time="0.069" /><testcase classname="backend.tests.test_analytics_dashboard.TestLoginCredentials" name="test_super_admin_login" time="0.360" /><testcase classname="backend.tests.test_analytics_dashboard.TestLoginCredentials" name="test_geneva_admin_login" time="0.292" /><testcase classname="backend.tests.test_analytics_dashboard.TestLoginCredentials" name="test_lausanne_admin_login" time="0.291"><skipped type="pytest.skip" message="Lausanne admin credentials may not exist">/app/backend/tests/test_analytics_dashboard.py:355: Lausanne admin credentials may not exist</skipped></testcase></testsuite></testsuites>