<?xml version="1.0" encoding="utf-8"?><testsuites name="pytest tests"><testsuite name="pytest" errors="0" failures="0" skipped="0" tests="16" time="7.647" timestamp="2026-03-20T11:50:13.788388+00:00" hostname="agent-env-eb8c140b-d1da-405f-8f92-03935705d5b4"><testcase classname="tests.test_iteration57_new_features.TestBackendEndpoints" name="test_today_reservations_endpoint_exists" time="0.575" /><testcase classname="tests.test_iteration57_new_features.TestBackendEndpoints" name="test_today_reservations_response_structure" time="0.129" /><testcase classname="tests.test_iteration57_new_features.TestBackendEndpoints" name="test_today_reservations_item_has_user_vehicle_names" time="0.129" /><testcase classname="tests.test_iteration57_new_features.TestBackendEndpoints" name="test_client_reservations_endpoint_exists" time="0.499" /><testcase classname="tests.test_iteration57_new_features.TestBackendEndpoints" name="test_client_reservations_response_structure" time="0.156" /><testcase classname="tests.test_iteration57_new_features.TestBackendEndpoints" name="test_client_reservations_has_vehicle_and_contract_info" time="0.135" /><testcase classname="tests.test_iteration57_new_features.TestBackendEndpoints" name="test_client_reservations_sorted_by_start_date_desc" time="0.140" /><testcase classname="tests.test_iteration57_new_features.TestBackendEndpoints" name="test_check_documents_endpoint_returns_404_for_invalid_id" time="0.136" /><testcase classname="tests.test_iteration57_new_features.TestBackendEndpoints" name="test_check_documents_with_valid_reservation" time="0.270" /><testcase classname="tests.test_iteration57_new_features.TestBackendEndpoints" name="test_contract_generate_endpoint" time="0.299" /><testcase classname="tests.test_iteration57_new_features.TestBackendEndpoints" name="test_contract_by_reservation_endpoint" time="0.269" /><testcase classname="tests.test_iteration57_new_features.TestBackendEndpoints" name="test_contract_pdf_download" time="1.115" /><testcase classname="tests.test_iteration57_new_features.TestBackendEndpoints" name="test_admin_stats_endpoint" time="0.131" /><testcase classname="tests.test_iteration57_new_features.TestBackendEndpoints" name="test_admin_reservations_has_user_vehicle_names" time="0.155" /><testcase classname="tests.test_iteration57_new_features.TestBackendEndpoints" name="test_contract_send_endpoint" time="1.727" /><testcase classname="tests.test_iteration57_new_features.TestContractSignWorkflow" name="test_sign_contract_returns_expected_fields" time="1.695" /></testsuite></testsuites>