<?xml version="1.0" encoding="utf-8"?><testsuites name="pytest tests"><testsuite name="pytest" errors="0" failures="0" skipped="0" tests="14" time="6.790" timestamp="2026-03-04T12:54:54.967158+00:00" hostname="agent-env-1ff7cab5-3718-4241-b8f2-3c3fca1acc06"><testcase classname="backend.tests.test_project_enhancements.TestProjectCurrencyField" name="test_get_projects_returns_currency_field" time="0.607" /><testcase classname="backend.tests.test_project_enhancements.TestProjectCurrencyField" name="test_create_project_with_chf_currency" time="0.481" /><testcase classname="backend.tests.test_project_enhancements.TestProjectCurrencyField" name="test_create_project_with_eur_currency" time="0.443" /><testcase classname="backend.tests.test_project_enhancements.TestProjectCurrencyField" name="test_create_project_with_usd_currency" time="0.479" /><testcase classname="backend.tests.test_project_enhancements.TestProjectCurrencyField" name="test_create_project_default_currency" time="0.582" /><testcase classname="backend.tests.test_project_enhancements.TestProjectCurrencyField" name="test_update_project_currency" time="0.524" /><testcase classname="backend.tests.test_project_enhancements.TestProjectMonthlyHours" name="test_get_all_projects_monthly_hours" time="0.390" /><testcase classname="backend.tests.test_project_enhancements.TestProjectMonthlyHours" name="test_get_project_monthly_hours_detail" time="0.446" /><testcase classname="backend.tests.test_project_enhancements.TestProjectMonthlyHours" name="test_project_monthly_hours_currency_matches_project" time="0.441" /><testcase classname="backend.tests.test_project_enhancements.TestProjectSummaryCards" name="test_projects_have_budget_field" time="0.407" /><testcase classname="backend.tests.test_project_enhancements.TestProjectSummaryCards" name="test_projects_have_hourly_rate_field" time="0.391" /><testcase classname="backend.tests.test_project_enhancements.TestProjectSummaryCards" name="test_monthly_hours_available_for_cards" time="0.421" /><testcase classname="backend.tests.test_project_enhancements.TestProjectSummaryCards" name="test_existing_logitrak_project_data" time="0.401" /><testcase classname="backend.tests.test_project_enhancements.TestProjectAPIIntegration" name="test_full_project_crud_with_currency" time="0.656" /></testsuite></testsuites>