<?xml version="1.0" encoding="utf-8"?><testsuites name="pytest tests"><testsuite name="pytest" errors="0" failures="1" skipped="0" tests="9" time="5.834" timestamp="2026-02-27T11:12:31.271336+00:00" hostname="agent-env-586f82ac-b719-4079-8921-eecb6d1c140d"><testcase classname="tests.test_iteration20_gps.TestAuth" name="test_login_geneva_admin" time="0.498" /><testcase classname="tests.test_iteration20_gps.TestAuth" name="test_login_lausanne_admin" time="0.334"><failure message="AssertionError: Login failed: {&quot;detail&quot;:&quot;Invalid email or password&quot;}&#10;assert 401 == 200&#10; +  where 401 = &lt;Response [401]&gt;.status_code">tests/test_iteration20_gps.py:37: in test_login_lausanne_admin
    assert response.status_code == 200, f"Login failed: {response.text}"
E   AssertionError: Login failed: {"detail":"Invalid email or password"}
E   assert 401 == 200
E    +  where 401 = &lt;Response [401]&gt;.status_code</failure></testcase><testcase classname="tests.test_iteration20_gps.TestNavixyConfig" name="test_get_navixy_config_geneva" time="0.444" /><testcase classname="tests.test_iteration20_gps.TestNavixyConfig" name="test_get_navixy_config_unauthorized" time="0.185" /><testcase classname="tests.test_iteration20_gps.TestNavixyConfig" name="test_update_navixy_config" time="0.667" /><testcase classname="tests.test_iteration20_gps.TestNavixyPositions" name="test_get_positions_success" time="2.240" /><testcase classname="tests.test_iteration20_gps.TestNavixyPositions" name="test_get_positions_unauthorized" time="0.103" /><testcase classname="tests.test_iteration20_gps.TestNavixyPositions" name="test_get_positions_client_forbidden" time="0.441" /><testcase classname="tests.test_iteration20_gps.TestNavixyTrackers" name="test_get_trackers_list" time="0.845" /></testsuite></testsuites>