<?xml version="1.0" encoding="utf-8"?><testsuites name="pytest tests"><testsuite name="pytest" errors="0" failures="0" skipped="12" tests="16" time="4.091" timestamp="2026-03-06T07:26:16.602096+00:00" hostname="agent-env-34a8126a-b2b5-4a0a-9406-78663ccfb859"><testcase classname="backend.tests.test_contract_update_fields.TestContractUpdateFieldsEndpoint" name="test_admin_login_success" time="0.355" /><testcase classname="backend.tests.test_contract_update_fields.TestContractUpdateFieldsEndpoint" name="test_super_admin_login_success" time="0.443" /><testcase classname="backend.tests.test_contract_update_fields.TestFullReservationToContractFlow" name="test_create_reservation_success" time="1.063"><skipped type="pytest.skip" message="Could not create reservation: 400 - {&quot;detail&quot;:&quot;Véhicule non disponible pour ces dates&quot;}">/app/backend/tests/test_contract_update_fields.py:149: Could not create reservation: 400 - {"detail":"Véhicule non disponible pour ces dates"}</skipped></testcase><testcase classname="backend.tests.test_contract_update_fields.TestFullReservationToContractFlow" name="test_generate_contract_returns_contract_id" time="0.000"><skipped type="pytest.skip" message="Could not create reservation: 400 - {&quot;detail&quot;:&quot;Véhicule non disponible pour ces dates&quot;}">/app/backend/tests/test_contract_update_fields.py:155: Could not create reservation: 400 - {"detail":"Véhicule non disponible pour ces dates"}</skipped></testcase><testcase classname="backend.tests.test_contract_update_fields.TestFullReservationToContractFlow" name="test_contract_auto_populates_client_data" time="0.000"><skipped type="pytest.skip" message="Could not create reservation: 400 - {&quot;detail&quot;:&quot;Véhicule non disponible pour ces dates&quot;}">/app/backend/tests/test_contract_update_fields.py:161: Could not create reservation: 400 - {"detail":"Véhicule non disponible pour ces dates"}</skipped></testcase><testcase classname="backend.tests.test_contract_update_fields.TestFullReservationToContractFlow" name="test_contract_auto_populates_vehicle_data" time="0.000"><skipped type="pytest.skip" message="Could not create reservation: 400 - {&quot;detail&quot;:&quot;Véhicule non disponible pour ces dates&quot;}">/app/backend/tests/test_contract_update_fields.py:176: Could not create reservation: 400 - {"detail":"Véhicule non disponible pour ces dates"}</skipped></testcase><testcase classname="backend.tests.test_contract_update_fields.TestFullReservationToContractFlow" name="test_contract_auto_populates_dates" time="0.000"><skipped type="pytest.skip" message="Could not create reservation: 400 - {&quot;detail&quot;:&quot;Véhicule non disponible pour ces dates&quot;}">/app/backend/tests/test_contract_update_fields.py:192: Could not create reservation: 400 - {"detail":"Véhicule non disponible pour ces dates"}</skipped></testcase><testcase classname="backend.tests.test_contract_update_fields.TestFullReservationToContractFlow" name="test_update_fields_draft_contract_success" time="0.000"><skipped type="pytest.skip" message="Could not create reservation: 400 - {&quot;detail&quot;:&quot;Véhicule non disponible pour ces dates&quot;}">/app/backend/tests/test_contract_update_fields.py:208: Could not create reservation: 400 - {"detail":"Véhicule non disponible pour ces dates"}</skipped></testcase><testcase classname="backend.tests.test_contract_update_fields.TestFullReservationToContractFlow" name="test_updated_fields_persist_in_contract" time="0.000"><skipped type="pytest.skip" message="Could not create reservation: 400 - {&quot;detail&quot;:&quot;Véhicule non disponible pour ces dates&quot;}">/app/backend/tests/test_contract_update_fields.py:235: Could not create reservation: 400 - {"detail":"Véhicule non disponible pour ces dates"}</skipped></testcase><testcase classname="backend.tests.test_contract_update_fields.TestFullReservationToContractFlow" name="test_non_editable_fields_ignored" time="0.000"><skipped type="pytest.skip" message="Could not create reservation: 400 - {&quot;detail&quot;:&quot;Véhicule non disponible pour ces dates&quot;}">/app/backend/tests/test_contract_update_fields.py:262: Could not create reservation: 400 - {"detail":"Véhicule non disponible pour ces dates"}</skipped></testcase><testcase classname="backend.tests.test_contract_update_fields.TestFullReservationToContractFlow" name="test_sign_contract_success" time="0.000"><skipped type="pytest.skip" message="Could not create reservation: 400 - {&quot;detail&quot;:&quot;Véhicule non disponible pour ces dates&quot;}">/app/backend/tests/test_contract_update_fields.py:288: Could not create reservation: 400 - {"detail":"Véhicule non disponible pour ces dates"}</skipped></testcase><testcase classname="backend.tests.test_contract_update_fields.TestFullReservationToContractFlow" name="test_signed_contract_cannot_be_edited" time="0.000"><skipped type="pytest.skip" message="Could not create reservation: 400 - {&quot;detail&quot;:&quot;Véhicule non disponible pour ces dates&quot;}">/app/backend/tests/test_contract_update_fields.py:303: Could not create reservation: 400 - {"detail":"Véhicule non disponible pour ces dates"}</skipped></testcase><testcase classname="backend.tests.test_contract_update_fields.TestFullReservationToContractFlow" name="test_download_pdf_after_signing" time="0.000"><skipped type="pytest.skip" message="Could not create reservation: 400 - {&quot;detail&quot;:&quot;Véhicule non disponible pour ces dates&quot;}">/app/backend/tests/test_contract_update_fields.py:321: Could not create reservation: 400 - {"detail":"Véhicule non disponible pour ces dates"}</skipped></testcase><testcase classname="backend.tests.test_contract_update_fields.TestUpdateFieldsAccessControl" name="test_client_cannot_update_fields" time="0.956" /><testcase classname="backend.tests.test_contract_update_fields.TestUpdateFieldsAccessControl" name="test_update_nonexistent_contract_returns_404" time="0.127" /><testcase classname="backend.tests.test_contract_update_fields.TestAllEditableFields" name="test_all_editable_fields_update" time="1.085"><skipped type="pytest.skip" message="Could not create reservation: {&quot;detail&quot;:&quot;Véhicule non disponible pour ces dates&quot;}">/app/backend/tests/test_contract_update_fields.py:479: Could not create reservation: {"detail":"Véhicule non disponible pour ces dates"}</skipped></testcase></testsuite></testsuites>