<?xml version="1.0" encoding="utf-8"?><testsuites name="pytest tests"><testsuite name="pytest" errors="0" failures="0" skipped="0" tests="19" time="1.895" timestamp="2026-03-04T11:54:39.859960+00:00" hostname="agent-env-e114f96c-f1dd-4494-a448-664a9cd496db"><testcase classname="backend.tests.test_phase4_6_features.TestAuth" name="test_admin_login" time="0.374" /><testcase classname="backend.tests.test_phase4_6_features.TestMessaging" name="test_create_conversation" time="0.391" /><testcase classname="backend.tests.test_phase4_6_features.TestMessaging" name="test_list_conversations" time="0.055" /><testcase classname="backend.tests.test_phase4_6_features.TestMessaging" name="test_send_message" time="0.107" /><testcase classname="backend.tests.test_phase4_6_features.TestMessaging" name="test_get_messages" time="0.055" /><testcase classname="backend.tests.test_phase4_6_features.TestDocuments" name="test_create_document" time="0.052" /><testcase classname="backend.tests.test_phase4_6_features.TestDocuments" name="test_list_documents" time="0.053" /><testcase classname="backend.tests.test_phase4_6_features.TestDocuments" name="test_list_documents_by_category" time="0.053" /><testcase classname="backend.tests.test_phase4_6_features.TestSchedules" name="test_create_schedule" time="0.052" /><testcase classname="backend.tests.test_phase4_6_features.TestSchedules" name="test_list_schedules" time="0.050" /><testcase classname="backend.tests.test_phase4_6_features.TestSchedules" name="test_list_schedules_by_user" time="0.055" /><testcase classname="backend.tests.test_phase4_6_features.TestPayroll" name="test_get_payroll_variables" time="0.063" /><testcase classname="backend.tests.test_phase4_6_features.TestPayroll" name="test_export_cresus_csv" time="0.063" /><testcase classname="backend.tests.test_phase4_6_features.TestPayroll" name="test_export_abacus_xml" time="0.068" /><testcase classname="backend.tests.test_phase4_6_features.TestPayroll" name="test_export_winbiz_excel" time="0.070" /><testcase classname="backend.tests.test_phase4_6_features.TestAnalytics" name="test_get_analytics_dashboard" time="0.063" /><testcase classname="backend.tests.test_phase4_6_features.TestAnalytics" name="test_analytics_with_months_param" time="0.062" /><testcase classname="backend.tests.test_phase4_6_features.TestSubscriptions" name="test_get_plans" time="0.065" /><testcase classname="backend.tests.test_phase4_6_features.TestSubscriptions" name="test_get_current_subscription" time="0.057" /></testsuite></testsuites>