<?xml version="1.0" encoding="utf-8"?><testsuites name="pytest tests"><testsuite name="pytest" errors="0" failures="0" skipped="0" tests="10" time="9.325" timestamp="2026-03-25T15:44:08.752556+00:00" hostname="agent-env-18f23683-0cfb-4370-994d-fcbdb59cbbfa"><testcase classname="backend.tests.test_iteration62_signature_damage.TestDamageAnalysisAPI" name="test_analyze_damage_requires_auth" time="0.134" /><testcase classname="backend.tests.test_iteration62_signature_damage.TestDamageAnalysisAPI" name="test_analyze_damage_requires_image_data" time="0.439" /><testcase classname="backend.tests.test_iteration62_signature_damage.TestDamageAnalysisAPI" name="test_analyze_damage_with_valid_image" time="4.198" /><testcase classname="backend.tests.test_iteration62_signature_damage.TestDamageAnalysisAPI" name="test_analyze_damage_with_checkin_context" time="3.448" /><testcase classname="backend.tests.test_iteration62_signature_damage.TestInspectionDefaults" name="test_get_defaults_requires_auth" time="0.213" /><testcase classname="backend.tests.test_iteration62_signature_damage.TestInspectionDefaults" name="test_get_defaults_returns_items" time="0.121" /><testcase classname="backend.tests.test_iteration62_signature_damage.TestContractSigning" name="test_sign_contract_requires_auth" time="0.106" /><testcase classname="backend.tests.test_iteration62_signature_damage.TestContractSigning" name="test_sign_nonexistent_contract" time="0.113" /><testcase classname="backend.tests.test_iteration62_signature_damage.TestContractSigning" name="test_sign_contract_requires_signature_data" time="0.247" /><testcase classname="backend.tests.test_iteration62_signature_damage.TestInspectionCRUD" name="test_get_inspections_for_reservation" time="0.245" /></testsuite></testsuites>