<?xml version="1.0" encoding="utf-8"?><testsuites name="pytest tests"><testsuite name="pytest" errors="0" failures="0" skipped="0" tests="10" time="5.986" timestamp="2026-03-20T10:22:38.953230+00:00" hostname="agent-env-ee4b6621-67ba-4d7a-a75a-032ee88e5f49"><testcase classname="backend.tests.test_iteration53_contracts.TestContractAutoGenerate" name="test_client_login" time="0.465" /><testcase classname="backend.tests.test_iteration53_contracts.TestContractAutoGenerate" name="test_auto_generate_contract_existing_reservation" time="0.527" /><testcase classname="backend.tests.test_iteration53_contracts.TestContractAutoGenerate" name="test_auto_generate_returns_existing_contract_idempotency" time="0.682" /><testcase classname="backend.tests.test_iteration53_contracts.TestContractAutoGenerate" name="test_auto_generate_requires_auth" time="0.134" /><testcase classname="backend.tests.test_iteration53_contracts.TestContractAutoGenerate" name="test_auto_generate_nonexistent_reservation" time="0.460" /><testcase classname="backend.tests.test_iteration53_contracts.TestContractAutoGenerate" name="test_contract_pdf_download" time="1.299" /><testcase classname="backend.tests.test_iteration53_contracts.TestContractAutoGenerate" name="test_contract_pdf_requires_auth" time="0.098" /><testcase classname="backend.tests.test_iteration53_contracts.TestContractAutoGenerate" name="test_contract_details" time="0.464" /><testcase classname="backend.tests.test_iteration53_contracts.TestReservationCreation" name="test_get_vehicles" time="0.102" /><testcase classname="backend.tests.test_iteration53_contracts.TestReservationCreation" name="test_create_reservation_and_auto_generate_contract" time="1.683" /></testsuite></testsuites>