<?xml version="1.0" encoding="utf-8"?><testsuites name="pytest tests"><testsuite name="pytest" errors="0" failures="0" skipped="0" tests="13" time="6.624" timestamp="2026-02-25T08:54:05.158555+00:00" hostname="agent-env-0c2a2d1c-63b8-4352-bf05-6eaf2f865312"><testcase classname="backend.tests.test_logirent_features.TestHealthCheck" name="test_api_root_accessible" time="0.458" /><testcase classname="backend.tests.test_logirent_features.TestVehiclesAPI" name="test_get_vehicles_returns_list" time="0.290" /><testcase classname="backend.tests.test_logirent_features.TestVehiclesAPI" name="test_vehicle_has_required_fields" time="0.287" /><testcase classname="backend.tests.test_logirent_features.TestVehiclesAPI" name="test_filter_vehicles_by_type" time="0.187" /><testcase classname="backend.tests.test_logirent_features.TestAuthAndNotifications" name="test_login_success" time="0.325" /><testcase classname="backend.tests.test_logirent_features.TestAuthAndNotifications" name="test_login_invalid_credentials" time="0.097" /><testcase classname="backend.tests.test_logirent_features.TestAuthAndNotifications" name="test_get_notifications_requires_auth" time="0.113" /><testcase classname="backend.tests.test_logirent_features.TestAuthAndNotifications" name="test_get_notifications_with_auth" time="0.422" /><testcase classname="backend.tests.test_logirent_features.TestAuthAndNotifications" name="test_get_unread_count" time="0.466" /><testcase classname="backend.tests.test_logirent_features.TestPaymentAndTWINT" name="test_create_reservation_with_card" time="0.725" /><testcase classname="backend.tests.test_logirent_features.TestPaymentAndTWINT" name="test_checkout_accepts_twint_payment_type" time="1.486" /><testcase classname="backend.tests.test_logirent_features.TestPaymentAndTWINT" name="test_checkout_accepts_card_payment_type" time="1.270" /><testcase classname="backend.tests.test_logirent_features.TestReservationsCRUD" name="test_get_user_reservations" time="0.437" /></testsuite></testsuites>