<?xml version="1.0" encoding="utf-8"?><testsuites name="pytest tests"><testsuite name="pytest" errors="0" failures="0" skipped="0" tests="8" time="1.986" timestamp="2026-02-26T11:39:33.687816+00:00" hostname="agent-env-913bda33-05dc-47a8-a0ea-aee91bfb8d9b"><testcase classname="backend.tests.test_document_upload.TestDocumentUpload" name="test_upload_id_endpoint_returns_200" time="0.542" /><testcase classname="backend.tests.test_document_upload.TestDocumentUpload" name="test_upload_license_endpoint_returns_200" time="0.110" /><testcase classname="backend.tests.test_document_upload.TestDocumentUpload" name="test_upload_id_persists_in_profile" time="0.285" /><testcase classname="backend.tests.test_document_upload.TestDocumentUpload" name="test_upload_license_persists_in_profile" time="0.228" /><testcase classname="backend.tests.test_document_upload.TestDocumentUpload" name="test_upload_id_without_auth_returns_401" time="0.108" /><testcase classname="backend.tests.test_document_upload.TestDocumentUpload" name="test_upload_license_without_auth_returns_401" time="0.104" /><testcase classname="backend.tests.test_document_upload.TestDocumentUpload" name="test_upload_id_with_invalid_token_returns_401" time="0.118" /><testcase classname="backend.tests.test_document_upload.TestProfileEndpoints" name="test_get_profile_returns_user_with_photo_fields" time="0.433" /></testsuite></testsuites>