<?xml version="1.0" encoding="utf-8"?><testsuites name="pytest tests"><testsuite name="pytest" errors="0" failures="0" skipped="0" tests="15" time="3.328" timestamp="2026-02-28T16:19:16.354732+00:00" hostname="agent-env-1269d350-38eb-479c-a0ea-9234e493b05d"><testcase classname="backend.tests.test_statistics_and_notifications.TestAdvancedStatsEndpoint" name="test_advanced_stats_returns_200_for_agency_admin" time="0.607" /><testcase classname="backend.tests.test_statistics_and_notifications.TestAdvancedStatsEndpoint" name="test_advanced_stats_returns_200_for_super_admin" time="0.640" /><testcase classname="backend.tests.test_statistics_and_notifications.TestAdvancedStatsEndpoint" name="test_advanced_stats_has_revenue_this_month" time="0.120" /><testcase classname="backend.tests.test_statistics_and_notifications.TestAdvancedStatsEndpoint" name="test_advanced_stats_has_vehicle_utilization" time="0.156" /><testcase classname="backend.tests.test_statistics_and_notifications.TestAdvancedStatsEndpoint" name="test_advanced_stats_has_daily_revenue" time="0.137" /><testcase classname="backend.tests.test_statistics_and_notifications.TestAdvancedStatsEndpoint" name="test_advanced_stats_has_payment_methods" time="0.120" /><testcase classname="backend.tests.test_statistics_and_notifications.TestAdvancedStatsEndpoint" name="test_advanced_stats_has_cancellation_rate" time="0.116" /><testcase classname="backend.tests.test_statistics_and_notifications.TestAdvancedStatsEndpoint" name="test_advanced_stats_has_weekly_trends" time="0.118" /><testcase classname="backend.tests.test_statistics_and_notifications.TestAdvancedStatsEndpoint" name="test_advanced_stats_all_required_fields" time="0.119" /><testcase classname="backend.tests.test_statistics_and_notifications.TestAdvancedStatsEndpoint" name="test_advanced_stats_unauthorized_without_token" time="0.110" /><testcase classname="backend.tests.test_statistics_and_notifications.TestReservationStatusChangeNotification" name="test_status_update_returns_success" time="0.439" /><testcase classname="backend.tests.test_statistics_and_notifications.TestReservationStatusChangeNotification" name="test_invalid_status_returns_400" time="0.232" /><testcase classname="backend.tests.test_statistics_and_notifications.TestReservationStatusChangeNotification" name="test_nonexistent_reservation_returns_404" time="0.105" /><testcase classname="backend.tests.test_statistics_and_notifications.TestBasicStatsEndpoint" name="test_basic_stats_returns_200" time="0.121" /><testcase classname="backend.tests.test_statistics_and_notifications.TestBasicStatsEndpoint" name="test_basic_stats_has_required_fields" time="0.127" /></testsuite></testsuites>