<?xml version="1.0" encoding="utf-8"?><testsuites name="pytest tests"><testsuite name="pytest" errors="0" failures="0" skipped="0" tests="12" time="8.123" timestamp="2026-04-03T14:26:36.089379+00:00" hostname="agent-env-18f23683-0cfb-4370-994d-fcbdb59cbbfa"><testcase classname="tests.test_billing_documents_iter68.TestBillingSettings" name="test_get_billing_settings_returns_defaults" time="0.470" /><testcase classname="tests.test_billing_documents_iter68.TestBillingSettings" name="test_put_billing_settings_saves_data" time="0.424" /><testcase classname="tests.test_billing_documents_iter68.TestBillingSettings" name="test_get_billing_settings_returns_saved_values" time="0.586" /><testcase classname="tests.test_billing_documents_iter68.TestDocumentScanning" name="test_upload_document_base64" time="0.576" /><testcase classname="tests.test_billing_documents_iter68.TestDocumentScanning" name="test_get_client_documents" time="0.721" /><testcase classname="tests.test_billing_documents_iter68.TestDocumentScanning" name="test_validate_document" time="0.848" /><testcase classname="tests.test_billing_documents_iter68.TestDocumentScanning" name="test_reject_document" time="0.668" /><testcase classname="tests.test_billing_documents_iter68.TestDocumentTypes" name="test_upload_all_document_types[id_card_front]" time="0.557" /><testcase classname="tests.test_billing_documents_iter68.TestDocumentTypes" name="test_upload_all_document_types[id_card_back]" time="1.048" /><testcase classname="tests.test_billing_documents_iter68.TestDocumentTypes" name="test_upload_all_document_types[license_front]" time="0.573" /><testcase classname="tests.test_billing_documents_iter68.TestDocumentTypes" name="test_upload_all_document_types[license_back]" time="1.122" /><testcase classname="tests.test_billing_documents_iter68.TestInvoicePDFWithBillingSettings" name="test_billing_settings_exist_for_invoice" time="0.451" /></testsuite></testsuites>