<?xml version="1.0" encoding="utf-8"?><testsuites name="pytest tests"><testsuite name="pytest" errors="0" failures="0" skipped="0" tests="8" time="2.907" timestamp="2026-03-06T08:05:02.297559+00:00" hostname="agent-env-34a8126a-b2b5-4a0a-9406-78663ccfb859"><testcase classname="backend.tests.test_vehicle_inspection_damages.TestDamagesFieldInUpdateFields" name="test_get_contract_initial_state" time="0.579" /><testcase classname="backend.tests.test_vehicle_inspection_damages.TestDamagesFieldInUpdateFields" name="test_update_damages_field_as_dict" time="0.110" /><testcase classname="backend.tests.test_vehicle_inspection_damages.TestDamagesFieldInUpdateFields" name="test_verify_damages_persisted" time="0.133" /><testcase classname="backend.tests.test_vehicle_inspection_damages.TestDamagesFieldInUpdateFields" name="test_update_additional_damage_zone" time="0.203" /><testcase classname="backend.tests.test_vehicle_inspection_damages.TestDamagesFieldInUpdateFields" name="test_remove_damage_by_setting_empty" time="0.251" /><testcase classname="backend.tests.test_vehicle_inspection_damages.TestPDFGenerationWithDamages" name="test_pdf_generation_with_damages" time="0.716" /><testcase classname="backend.tests.test_vehicle_inspection_damages.TestPDFGenerationWithDamages" name="test_pdf_generation_without_damages" time="0.716" /><testcase classname="backend.tests.test_vehicle_inspection_damages.TestCleanup" name="test_cleanup_damages" time="0.133" /></testsuite></testsuites>