<?xml version="1.0" encoding="utf-8"?><testsuites name="pytest tests"><testsuite name="pytest" errors="0" failures="0" skipped="0" tests="10" time="3.759" timestamp="2026-03-21T10:42:21.560434+00:00" hostname="agent-env-1ebf9e00-5d53-49e7-983b-21531f0c6f4c"><testcase classname="backend.tests.test_iteration59_pricing_security_contracts.TestPricingTierAgencyOwnershipSecurity" name="test_agency_admin_can_get_pricing_for_own_vehicle" time="0.942" /><testcase classname="backend.tests.test_iteration59_pricing_security_contracts.TestPricingTierAgencyOwnershipSecurity" name="test_agency_admin_can_update_pricing_for_own_vehicle" time="0.335" /><testcase classname="backend.tests.test_iteration59_pricing_security_contracts.TestPricingTierAgencyOwnershipSecurity" name="test_agency_admin_cannot_update_pricing_for_other_agency_vehicle" time="0.108" /><testcase classname="backend.tests.test_iteration59_pricing_security_contracts.TestPricingTierAgencyOwnershipSecurity" name="test_super_admin_can_update_pricing_for_any_vehicle" time="0.635" /><testcase classname="backend.tests.test_iteration59_pricing_security_contracts.TestPricingTierAgencyOwnershipSecurity" name="test_super_admin_can_update_pricing_for_geneva_vehicle" time="0.299" /><testcase classname="backend.tests.test_iteration59_pricing_security_contracts.TestContractTierDataGeneration" name="test_contract_generation_includes_tier_data" time="0.219" /><testcase classname="backend.tests.test_iteration59_pricing_security_contracts.TestContractTierDataGeneration" name="test_existing_contract_has_tier_data" time="0.110" /><testcase classname="backend.tests.test_iteration59_pricing_security_contracts.TestContractTierDataGeneration" name="test_pdf_download_returns_valid_pdf" time="0.742" /><testcase classname="backend.tests.test_iteration59_pricing_security_contracts.TestReservationSelectedTier" name="test_reservation_has_selected_tier" time="0.099" /><testcase classname="backend.tests.test_iteration59_pricing_security_contracts.TestAutoGenerateContractWithTier" name="test_auto_generate_contract_includes_tier_data" time="0.207" /></testsuite></testsuites>