<?xml version="1.0" encoding="utf-8"?><testsuites name="pytest tests"><testsuite name="pytest" errors="0" failures="0" skipped="0" tests="17" time="4.104" timestamp="2026-03-06T08:42:25.145677+00:00" hostname="agent-env-34a8126a-b2b5-4a0a-9406-78663ccfb859"><testcase classname="backend.tests.test_contract_template.TestContractTemplateEndpoints" name="test_get_contract_template_returns_200" time="0.577" /><testcase classname="backend.tests.test_contract_template.TestContractTemplateEndpoints" name="test_get_contract_template_has_required_fields" time="0.132" /><testcase classname="backend.tests.test_contract_template.TestContractTemplateEndpoints" name="test_get_contract_template_has_placeholders_in_default" time="0.102" /><testcase classname="backend.tests.test_contract_template.TestContractTemplateEndpoints" name="test_update_template_legal_text" time="0.099" /><testcase classname="backend.tests.test_contract_template.TestContractTemplateEndpoints" name="test_update_template_deductible" time="0.115" /><testcase classname="backend.tests.test_contract_template.TestContractTemplateEndpoints" name="test_update_template_agency_website" time="0.109" /><testcase classname="backend.tests.test_contract_template.TestContractTemplateEndpoints" name="test_update_template_default_prices" time="0.107" /><testcase classname="backend.tests.test_contract_template.TestContractTemplateEndpoints" name="test_update_template_multiple_fields" time="0.104" /><testcase classname="backend.tests.test_contract_template.TestContractTemplateEndpoints" name="test_update_template_persists_data" time="0.209" /><testcase classname="backend.tests.test_contract_template.TestContractTemplateEndpoints" name="test_upload_logo_returns_logo_path" time="0.322" /><testcase classname="backend.tests.test_contract_template.TestContractTemplateEndpoints" name="test_upload_logo_persists_in_template" time="0.372" /><testcase classname="backend.tests.test_contract_template.TestContractTemplateEndpoints" name="test_delete_logo_returns_message" time="0.101" /><testcase classname="backend.tests.test_contract_template.TestContractTemplateEndpoints" name="test_delete_logo_removes_from_template" time="0.508" /><testcase classname="backend.tests.test_contract_template.TestContractTemplateEndpoints" name="test_get_template_requires_auth" time="0.102" /><testcase classname="backend.tests.test_contract_template.TestContractTemplateEndpoints" name="test_put_template_requires_auth" time="0.097" /><testcase classname="backend.tests.test_contract_template.TestContractTemplatePDFIntegration" name="test_contract_template_applies_to_contract_generation" time="0.545" /><testcase classname="backend.tests.test_contract_template.TestCleanup" name="test_cleanup_restore_defaults" time="0.410" /></testsuite></testsuites>