<?xml version="1.0" encoding="utf-8"?><testsuites name="pytest tests"><testsuite name="pytest" errors="0" failures="0" skipped="0" tests="9" time="6.121" timestamp="2026-03-02T16:34:44.699510+00:00" hostname="agent-env-8d33674f-6843-4cab-98e2-1bb2d739f73a"><testcase classname="backend.tests.test_iteration35.TestReservationStatusChange" name="test_get_reservations" time="0.523" /><testcase classname="backend.tests.test_iteration35.TestReservationStatusChange" name="test_status_change_to_confirmed" time="0.795" /><testcase classname="backend.tests.test_iteration35.TestReservationStatusChange" name="test_status_change_to_active" time="1.019" /><testcase classname="backend.tests.test_iteration35.TestReservationStatusChange" name="test_status_change_to_completed" time="0.814" /><testcase classname="backend.tests.test_iteration35.TestReservationStatusChange" name="test_status_change_to_cancelled" time="0.823" /><testcase classname="backend.tests.test_iteration35.TestReservationStatusChange" name="test_invalid_status" time="0.575" /><testcase classname="backend.tests.test_iteration35.TestContractSignature" name="test_get_contract" time="0.513" /><testcase classname="backend.tests.test_iteration35.TestContractSignature" name="test_contract_sign_endpoint_exists" time="0.537" /><testcase classname="backend.tests.test_iteration35.TestVehicleSchedule" name="test_get_vehicle_schedule" time="0.469" /></testsuite></testsuites>