<?xml version="1.0" encoding="utf-8"?><testsuites name="pytest tests"><testsuite name="pytest" errors="0" failures="0" skipped="0" tests="8" time="1.743" timestamp="2026-03-21T09:50:08.791391+00:00" hostname="agent-env-eb8c140b-d1da-405f-8f92-03935705d5b4"><testcase classname="backend.tests.test_iteration58_pricing_tiers.TestVehiclePricingTiersBackend" name="test_get_vehicle_pricing_tiers" time="0.552" /><testcase classname="backend.tests.test_iteration58_pricing_tiers.TestVehiclePricingTiersBackend" name="test_update_vehicle_pricing_tiers" time="0.326" /><testcase classname="backend.tests.test_iteration58_pricing_tiers.TestVehiclePricingTiersBackend" name="test_pricing_tiers_fields_validation" time="0.199" /><testcase classname="backend.tests.test_iteration58_pricing_tiers.TestVehiclePricingTiersBackend" name="test_public_vehicle_endpoint_returns_pricing_tiers" time="0.099" /><testcase classname="backend.tests.test_iteration58_pricing_tiers.TestVehiclePricingTiersBackend" name="test_vehicle_schedule_includes_orphan_reservations" time="0.134" /><testcase classname="backend.tests.test_iteration58_pricing_tiers.TestTodayReservationsEndpoint" name="test_today_reservations_returns_data" time="0.149" /><testcase classname="backend.tests.test_iteration58_pricing_tiers.TestAdminReservationsEndpoint" name="test_admin_reservations_list" time="0.105" /><testcase classname="backend.tests.test_iteration58_pricing_tiers.TestAdminStatsEndpoint" name="test_admin_stats" time="0.115" /></testsuite></testsuites>