<?xml version="1.0" encoding="utf-8"?><testsuites name="pytest tests"><testsuite name="pytest" errors="0" failures="0" skipped="0" tests="11" time="19.798" timestamp="2026-04-07T13:21:06.312184+00:00" hostname="agent-env-18f23683-0cfb-4370-994d-fcbdb59cbbfa"><testcase classname="backend.tests.test_iteration70_ocr_damage.TestAdminAuth" name="test_admin_login_success" time="0.569" /><testcase classname="backend.tests.test_iteration70_ocr_damage.TestAdminAuth" name="test_admin_login_invalid_credentials" time="0.348" /><testcase classname="backend.tests.test_iteration70_ocr_damage.TestDocumentAPIs" name="test_get_admin_users_clients" time="0.485" /><testcase classname="backend.tests.test_iteration70_ocr_damage.TestDocumentAPIs" name="test_get_client_documents" time="0.579" /><testcase classname="backend.tests.test_iteration70_ocr_damage.TestDocumentAPIs" name="test_upload_document_base64_returns_ocr_status" time="0.572" /><testcase classname="backend.tests.test_iteration70_ocr_damage.TestDocumentAPIs" name="test_trigger_ocr_endpoint" time="6.012" /><testcase classname="backend.tests.test_iteration70_ocr_damage.TestDamageAnalysisAPI" name="test_analyze_damage_endpoint_exists" time="3.385" /><testcase classname="backend.tests.test_iteration70_ocr_damage.TestDamageAnalysisAPI" name="test_analyze_damage_with_context_checkout" time="3.055" /><testcase classname="backend.tests.test_iteration70_ocr_damage.TestDamageAnalysisAPI" name="test_analyze_damage_with_context_checkin" time="3.492" /><testcase classname="backend.tests.test_iteration70_ocr_damage.TestDamageAnalysisAPI" name="test_analyze_damage_missing_image_data" time="0.466" /><testcase classname="backend.tests.test_iteration70_ocr_damage.TestDocumentValidation" name="test_validate_document_with_extracted_data" time="0.762" /></testsuite></testsuites>