<?xml version="1.0" encoding="utf-8"?><testsuites name="pytest tests"><testsuite name="pytest" errors="0" failures="0" skipped="0" tests="11" time="2.242" timestamp="2026-03-20T09:48:53.266486+00:00" hostname="agent-env-ee4b6621-67ba-4d7a-a75a-032ee88e5f49"><testcase classname="backend.tests.test_booking_options.TestAdminBookingOptions" name="test_get_booking_options_requires_auth" time="0.118" /><testcase classname="backend.tests.test_booking_options.TestAdminBookingOptions" name="test_get_booking_options_as_admin" time="0.450" /><testcase classname="backend.tests.test_booking_options.TestAdminBookingOptions" name="test_put_booking_options_requires_auth" time="0.100" /><testcase classname="backend.tests.test_booking_options.TestAdminBookingOptions" name="test_update_booking_options" time="0.222" /><testcase classname="backend.tests.test_booking_options.TestPublicBookingOptions" name="test_public_endpoint_no_auth_required" time="0.206" /><testcase classname="backend.tests.test_booking_options.TestPublicBookingOptions" name="test_public_endpoint_returns_enabled_options_only" time="0.115" /><testcase classname="backend.tests.test_booking_options.TestPublicBookingOptions" name="test_public_endpoint_with_nonexistent_agency" time="0.098" /><testcase classname="backend.tests.test_booking_options.TestPublicBookingOptions" name="test_public_endpoint_default_fallback" time="0.114" /><testcase classname="backend.tests.test_booking_options.TestVehicleSchedule" name="test_vehicle_schedule_returns_all_vehicles" time="0.110" /><testcase classname="backend.tests.test_booking_options.TestClientBookingOptionsUsage" name="test_vehicle_endpoint_contains_agency_id" time="0.449" /><testcase classname="backend.tests.test_booking_options.TestCleanupOptions" name="test_cleanup_test_options" time="0.195" /></testsuite></testsuites>