<?xml version="1.0" encoding="utf-8"?><testsuites name="pytest tests"><testsuite name="pytest" errors="0" failures="0" skipped="0" tests="17" time="11.594" timestamp="2026-03-04T13:21:54.648997+00:00" hostname="agent-env-1ff7cab5-3718-4241-b8f2-3c3fca1acc06"><testcase classname="tests.test_leaves_directory.TestLeavesEndpoints" name="test_get_leaves_endpoint" time="0.965" /><testcase classname="tests.test_leaves_directory.TestLeavesEndpoints" name="test_create_leave_endpoint" time="0.809" /><testcase classname="tests.test_leaves_directory.TestLeavesEndpoints" name="test_update_leave_endpoint" time="0.828" /><testcase classname="tests.test_leaves_directory.TestLeavesEndpoints" name="test_delete_leave_endpoint" time="0.921" /><testcase classname="tests.test_leaves_directory.TestLeavesEndpoints" name="test_update_leave_404_not_found" time="0.816" /><testcase classname="tests.test_leaves_directory.TestLeavesEndpoints" name="test_delete_leave_404_not_found" time="0.760" /><testcase classname="tests.test_leaves_directory.TestLeavesEndpoints" name="test_leave_crud_full_cycle" time="1.215" /><testcase classname="tests.test_leaves_directory.TestDirectoryEndpoints" name="test_get_directory_endpoint" time="0.423" /><testcase classname="tests.test_leaves_directory.TestDirectoryEndpoints" name="test_directory_employee_search_fields" time="0.450" /><testcase classname="tests.test_leaves_directory.TestDirectoryEndpoints" name="test_get_users_endpoint" time="0.411" /><testcase classname="tests.test_leaves_directory.TestDirectoryEndpoints" name="test_update_user_endpoint" time="0.628" /><testcase classname="tests.test_leaves_directory.TestDirectoryEndpoints" name="test_update_user_contract_hours" time="0.699" /><testcase classname="tests.test_leaves_directory.TestLeaveFiltering" name="test_get_leaves_filter_by_status_pending" time="0.451" /><testcase classname="tests.test_leaves_directory.TestLeaveFiltering" name="test_get_leaves_filter_by_status_approved" time="0.443" /><testcase classname="tests.test_leaves_directory.TestLeaveFiltering" name="test_get_leaves_filter_by_status_rejected" time="0.448" /><testcase classname="tests.test_leaves_directory.TestLeaveApprovalWorkflow" name="test_approve_leave" time="0.646" /><testcase classname="tests.test_leaves_directory.TestLeaveApprovalWorkflow" name="test_reject_leave" time="0.586" /></testsuite></testsuites>