<?xml version="1.0" encoding="utf-8"?><testsuites name="pytest tests"><testsuite name="pytest" errors="0" failures="0" skipped="0" tests="16" time="10.071" timestamp="2026-03-04T11:29:09.555554+00:00" hostname="agent-env-e114f96c-f1dd-4494-a448-664a9cd496db"><testcase classname="backend.tests.test_iteration3_features.TestBalancesEndpoint" name="test_balances_endpoint_returns_telework_data" time="0.505" /><testcase classname="backend.tests.test_iteration3_features.TestWorkLocationClockIn" name="test_clock_in_with_work_location_office" time="0.895" /><testcase classname="backend.tests.test_iteration3_features.TestWorkLocationClockIn" name="test_clock_in_with_work_location_home" time="0.805" /><testcase classname="backend.tests.test_iteration3_features.TestWorkLocationClockIn" name="test_clock_in_with_work_location_onsite" time="0.738" /><testcase classname="backend.tests.test_iteration3_features.TestSevenLeaveTypes" name="test_leave_types_available" time="1.108" /><testcase classname="backend.tests.test_iteration3_features.TestSevenLeaveTypes" name="test_get_leaves_returns_all_types" time="0.432" /><testcase classname="backend.tests.test_iteration3_features.TestPlanningEndpoint" name="test_planning_returns_weekly_data" time="0.453" /><testcase classname="backend.tests.test_iteration3_features.TestPlanningEndpoint" name="test_planning_department_filter" time="0.553" /><testcase classname="backend.tests.test_iteration3_features.TestDirectoryEndpoint" name="test_directory_returns_employees" time="0.433" /><testcase classname="backend.tests.test_iteration3_features.TestNotificationsEndpoint" name="test_notifications_list" time="0.438" /><testcase classname="backend.tests.test_iteration3_features.TestNotificationsEndpoint" name="test_notifications_mark_read" time="0.553" /><testcase classname="backend.tests.test_iteration3_features.TestAuditLogsEndpoint" name="test_audit_logs_admin_access" time="0.455" /><testcase classname="backend.tests.test_iteration3_features.TestInvoicesEndpoint" name="test_invoices_list" time="0.441" /><testcase classname="backend.tests.test_iteration3_features.TestExpensesEndpoint" name="test_create_expense" time="0.442" /><testcase classname="backend.tests.test_iteration3_features.TestExpensesEndpoint" name="test_expenses_list" time="0.442" /><testcase classname="backend.tests.test_iteration3_features.TestSidebarNavigation" name="test_all_employee_endpoints" time="1.301" /></testsuite></testsuites>